[ 2017-04-19T18:58:54+08:00 ] 14.23.185.207 /bookstore/admin.php
INFO: [ app_init ] --START--
INFO: Run Behavior\BuildLiteBehavior [ RunTime:0.000017s ]
INFO: [ app_init ] --END-- [ RunTime:0.000118s ]
INFO: [ app_begin ] --START--
INFO: Run Behavior\ReadHtmlCacheBehavior [ RunTime:0.000068s ]
INFO: [ app_begin ] --END-- [ RunTime:0.000170s ]
SQL: SHOW COLUMNS FROM `book` [ RunTime:0.0015s ]
SQL: SELECT COUNT(*) AS tp_count FROM `book` WHERE `book_isdel` = 0 AND `book_state` = 0 LIMIT 1   [ RunTime:0.0001s ]
SQL: SELECT * FROM `book` WHERE `book_isdel` = 0 AND `book_state` = 0 LIMIT 1,13   [ RunTime:0.0004s ]
SQL: SHOW COLUMNS FROM `user` [ RunTime:0.0004s ]
SQL: SELECT `user_name`,`user_cookie`,`user_photo`,`user_phone`,`user_integral`,`user_grade`,`user_sys`,`user_time`,`user_password` FROM `user` WHERE `user_id` = 2 LIMIT 1   [ RunTime:0.0001s ]
SQL: SHOW COLUMNS FROM `message` [ RunTime:0.0006s ]
SQL: SELECT COUNT(*) AS tp_count FROM `message` WHERE `book_id` = 2 LIMIT 1   [ RunTime:0.0000s ]
SQL: SELECT `user_name`,`user_cookie`,`user_photo`,`user_phone`,`user_integral`,`user_grade`,`user_sys`,`user_time`,`user_password` FROM `user` WHERE `user_id` = 2 LIMIT 1   [ RunTime:0.0000s ]
SQL: SELECT COUNT(*) AS tp_count FROM `message` WHERE `book_id` = 3 LIMIT 1   [ RunTime:0.0000s ]
SQL: SELECT `user_name`,`user_cookie`,`user_photo`,`user_phone`,`user_integral`,`user_grade`,`user_sys`,`user_time`,`user_password` FROM `user` WHERE `user_id` = 2 LIMIT 1   [ RunTime:0.0001s ]
SQL: SELECT COUNT(*) AS tp_count FROM `message` WHERE `book_id` = 4 LIMIT 1   [ RunTime:0.0001s ]
SQL: SELECT `user_name`,`user_cookie`,`user_photo`,`user_phone`,`user_integral`,`user_grade`,`user_sys`,`user_time`,`user_password` FROM `user` WHERE `user_id` = 2 LIMIT 1   [ RunTime:0.0001s ]
SQL: SELECT COUNT(*) AS tp_count FROM `message` WHERE `book_id` = 5 LIMIT 1   [ RunTime:0.0001s ]
SQL: SELECT `user_name`,`user_cookie`,`user_photo`,`user_phone`,`user_integral`,`user_grade`,`user_sys`,`user_time`,`user_password` FROM `user` WHERE `user_id` = 2 LIMIT 1   [ RunTime:0.0001s ]
SQL: SELECT COUNT(*) AS tp_count FROM `message` WHERE `book_id` = 6 LIMIT 1   [ RunTime:0.0001s ]
SQL: SELECT `user_name`,`user_cookie`,`user_photo`,`user_phone`,`user_integral`,`user_grade`,`user_sys`,`user_time`,`user_password` FROM `user` WHERE `user_id` = 2 LIMIT 1   [ RunTime:0.0001s ]
SQL: SELECT COUNT(*) AS tp_count FROM `message` WHERE `book_id` = 7 LIMIT 1   [ RunTime:0.0001s ]
SQL: SELECT `user_name`,`user_cookie`,`user_photo`,`user_phone`,`user_integral`,`user_grade`,`user_sys`,`user_time`,`user_password` FROM `user` WHERE `user_id` = 2 LIMIT 1   [ RunTime:0.0001s ]
SQL: SELECT COUNT(*) AS tp_count FROM `message` WHERE `book_id` = 8 LIMIT 1   [ RunTime:0.0001s ]
SQL: SELECT `user_name`,`user_cookie`,`user_photo`,`user_phone`,`user_integral`,`user_grade`,`user_sys`,`user_time`,`user_password` FROM `user` WHERE `user_id` = 2 LIMIT 1   [ RunTime:0.0001s ]
SQL: SELECT COUNT(*) AS tp_count FROM `message` WHERE `book_id` = 9 LIMIT 1   [ RunTime:0.0001s ]
SQL: SELECT `user_name`,`user_cookie`,`user_photo`,`user_phone`,`user_integral`,`user_grade`,`user_sys`,`user_time`,`user_password` FROM `user` WHERE `user_id` = 1 LIMIT 1   [ RunTime:0.0001s ]
SQL: SELECT COUNT(*) AS tp_count FROM `message` WHERE `book_id` = 10 LIMIT 1   [ RunTime:0.0001s ]
SQL: SELECT `user_name`,`user_cookie`,`user_photo`,`user_phone`,`user_integral`,`user_grade`,`user_sys`,`user_time`,`user_password` FROM `user` WHERE `user_id` = 1 LIMIT 1   [ RunTime:0.0001s ]
SQL: SELECT COUNT(*) AS tp_count FROM `message` WHERE `book_id` = 13 LIMIT 1   [ RunTime:0.0000s ]
SQL: SELECT `user_name`,`user_cookie`,`user_photo`,`user_phone`,`user_integral`,`user_grade`,`user_sys`,`user_time`,`user_password` FROM `user` WHERE `user_id` = 1 LIMIT 1   [ RunTime:0.0001s ]
SQL: SELECT COUNT(*) AS tp_count FROM `message` WHERE `book_id` = 14 LIMIT 1   [ RunTime:0.0001s ]
SQL: SELECT `user_name`,`user_cookie`,`user_photo`,`user_phone`,`user_integral`,`user_grade`,`user_sys`,`user_time`,`user_password` FROM `user` WHERE `user_id` = 5 LIMIT 1   [ RunTime:0.0001s ]
SQL: SELECT COUNT(*) AS tp_count FROM `message` WHERE `book_id` = 18 LIMIT 1   [ RunTime:0.0001s ]
SQL: SELECT COUNT(*) AS tp_count FROM `message` LIMIT 1   [ RunTime:0.0002s ]
SQL: SELECT * FROM `message` LIMIT 7,13   [ RunTime:0.0002s ]
SQL: SELECT `user_name`,`user_photo` FROM `user` WHERE `user_id` = 1 LIMIT 1   [ RunTime:0.0002s ]
SQL: SELECT `user_name`,`user_photo` FROM `user` WHERE `user_id` = 4 LIMIT 1   [ RunTime:0.0002s ]
SQL: SELECT `user_name`,`user_photo` FROM `user` WHERE `user_id` = 5 LIMIT 1   [ RunTime:0.0001s ]
INFO: [ view_parse ] --START--
INFO: [ template_filter ] --START--
INFO: Run Behavior\ContentReplaceBehavior [ RunTime:0.000071s ]
INFO: [ template_filter ] --END-- [ RunTime:0.000174s ]
INFO: Run Behavior\ParseTemplateBehavior [ RunTime:0.006055s ]
INFO: [ view_parse ] --END-- [ RunTime:0.006097s ]
INFO: [ view_filter ] --START--
INFO: Run Behavior\WriteHtmlCacheBehavior [ RunTime:0.000041s ]
INFO: [ view_filter ] --END-- [ RunTime:0.000059s ]
INFO: [ app_end ] --START--
INFO: Run Behavior\ShowPageTraceBehavior [ RunTime:0.000092s ]
INFO: [ app_end ] --END-- [ RunTime:0.000130s ]

[ 2017-04-19T19:03:19+08:00 ] 14.23.185.207 /bookstore/admin.php
INFO: [ app_init ] --START--
INFO: Run Behavior\BuildLiteBehavior [ RunTime:0.000013s ]
INFO: [ app_init ] --END-- [ RunTime:0.000088s ]
INFO: [ app_begin ] --START--
INFO: Run Behavior\ReadHtmlCacheBehavior [ RunTime:0.000038s ]
INFO: [ app_begin ] --END-- [ RunTime:0.000074s ]
SQL: SHOW COLUMNS FROM `book` [ RunTime:0.0006s ]
SQL: SELECT COUNT(*) AS tp_count FROM `book` WHERE `book_isdel` = 0 AND `book_state` = 0 LIMIT 1   [ RunTime:0.0001s ]
SQL: SELECT * FROM `book` WHERE `book_isdel` = 0 AND `book_state` = 0 LIMIT 1,13   [ RunTime:0.0001s ]
SQL: SHOW COLUMNS FROM `user` [ RunTime:0.0004s ]
SQL: SELECT `user_name`,`user_cookie`,`user_photo`,`user_phone`,`user_integral`,`user_grade`,`user_sys`,`user_time`,`user_password` FROM `user` WHERE `user_id` = 2 LIMIT 1   [ RunTime:0.0001s ]
SQL: SHOW COLUMNS FROM `message` [ RunTime:0.0004s ]
SQL: SELECT COUNT(*) AS tp_count FROM `message` WHERE `book_id` = 2 LIMIT 1   [ RunTime:0.0000s ]
SQL: SELECT `user_name`,`user_cookie`,`user_photo`,`user_phone`,`user_integral`,`user_grade`,`user_sys`,`user_time`,`user_password` FROM `user` WHERE `user_id` = 2 LIMIT 1   [ RunTime:0.0000s ]
SQL: SELECT COUNT(*) AS tp_count FROM `message` WHERE `book_id` = 3 LIMIT 1   [ RunTime:0.0000s ]
SQL: SELECT `user_name`,`user_cookie`,`user_photo`,`user_phone`,`user_integral`,`user_grade`,`user_sys`,`user_time`,`user_password` FROM `user` WHERE `user_id` = 2 LIMIT 1   [ RunTime:0.0000s ]
SQL: SELECT COUNT(*) AS tp_count FROM `message` WHERE `book_id` = 4 LIMIT 1   [ RunTime:0.0000s ]
SQL: SELECT `user_name`,`user_cookie`,`user_photo`,`user_phone`,`user_integral`,`user_grade`,`user_sys`,`user_time`,`user_password` FROM `user` WHERE `user_id` = 2 LIMIT 1   [ RunTime:0.0000s ]
SQL: SELECT COUNT(*) AS tp_count FROM `message` WHERE `book_id` = 5 LIMIT 1   [ RunTime:0.0000s ]
SQL: SELECT `user_name`,`user_cookie`,`user_photo`,`user_phone`,`user_integral`,`user_grade`,`user_sys`,`user_time`,`user_password` FROM `user` WHERE `user_id` = 2 LIMIT 1   [ RunTime:0.0000s ]
SQL: SELECT COUNT(*) AS tp_count FROM `message` WHERE `book_id` = 6 LIMIT 1   [ RunTime:0.0000s ]
SQL: SELECT `user_name`,`user_cookie`,`user_photo`,`user_phone`,`user_integral`,`user_grade`,`user_sys`,`user_time`,`user_password` FROM `user` WHERE `user_id` = 2 LIMIT 1   [ RunTime:0.0000s ]
SQL: SELECT COUNT(*) AS tp_count FROM `message` WHERE `book_id` = 7 LIMIT 1   [ RunTime:0.0002s ]
SQL: SELECT `user_name`,`user_cookie`,`user_photo`,`user_phone`,`user_integral`,`user_grade`,`user_sys`,`user_time`,`user_password` FROM `user` WHERE `user_id` = 2 LIMIT 1   [ RunTime:0.0001s ]
SQL: SELECT COUNT(*) AS tp_count FROM `message` WHERE `book_id` = 8 LIMIT 1   [ RunTime:0.0001s ]
SQL: SELECT `user_name`,`user_cookie`,`user_photo`,`user_phone`,`user_integral`,`user_grade`,`user_sys`,`user_time`,`user_password` FROM `user` WHERE `user_id` = 2 LIMIT 1   [ RunTime:0.0000s ]
SQL: SELECT COUNT(*) AS tp_count FROM `message` WHERE `book_id` = 9 LIMIT 1   [ RunTime:0.0000s ]
SQL: SELECT `user_name`,`user_cookie`,`user_photo`,`user_phone`,`user_integral`,`user_grade`,`user_sys`,`user_time`,`user_password` FROM `user` WHERE `user_id` = 1 LIMIT 1   [ RunTime:0.0001s ]
SQL: SELECT COUNT(*) AS tp_count FROM `message` WHERE `book_id` = 10 LIMIT 1   [ RunTime:0.0000s ]
SQL: SELECT `user_name`,`user_cookie`,`user_photo`,`user_phone`,`user_integral`,`user_grade`,`user_sys`,`user_time`,`user_password` FROM `user` WHERE `user_id` = 1 LIMIT 1   [ RunTime:0.0000s ]
SQL: SELECT COUNT(*) AS tp_count FROM `message` WHERE `book_id` = 13 LIMIT 1   [ RunTime:0.0000s ]
SQL: SELECT `user_name`,`user_cookie`,`user_photo`,`user_phone`,`user_integral`,`user_grade`,`user_sys`,`user_time`,`user_password` FROM `user` WHERE `user_id` = 1 LIMIT 1   [ RunTime:0.0000s ]
SQL: SELECT COUNT(*) AS tp_count FROM `message` WHERE `book_id` = 14 LIMIT 1   [ RunTime:0.0001s ]
SQL: SELECT `user_name`,`user_cookie`,`user_photo`,`user_phone`,`user_integral`,`user_grade`,`user_sys`,`user_time`,`user_password` FROM `user` WHERE `user_id` = 5 LIMIT 1   [ RunTime:0.0001s ]
SQL: SELECT COUNT(*) AS tp_count FROM `message` WHERE `book_id` = 18 LIMIT 1   [ RunTime:0.0000s ]
SQL: SELECT COUNT(*) AS tp_count FROM `message` LIMIT 1   [ RunTime:0.0000s ]
SQL: SELECT * FROM `message` LIMIT 7,13   [ RunTime:0.0000s ]
SQL: SELECT `user_name`,`user_photo` FROM `user` WHERE `user_id` = 1 LIMIT 1   [ RunTime:0.0003s ]
SQL: SELECT `user_name`,`user_photo` FROM `user` WHERE `user_id` = 4 LIMIT 1   [ RunTime:0.0001s ]
SQL: SELECT `user_name`,`user_photo` FROM `user` WHERE `user_id` = 5 LIMIT 1   [ RunTime:0.0001s ]
INFO: [ view_parse ] --START--
INFO: [ template_filter ] --START--
INFO: Run Behavior\ContentReplaceBehavior [ RunTime:0.000067s ]
INFO: [ template_filter ] --END-- [ RunTime:0.000121s ]
INFO: Run Behavior\ParseTemplateBehavior [ RunTime:0.006102s ]
INFO: [ view_parse ] --END-- [ RunTime:0.006146s ]
INFO: [ view_filter ] --START--
INFO: Run Behavior\WriteHtmlCacheBehavior [ RunTime:0.000052s ]
INFO: [ view_filter ] --END-- [ RunTime:0.000080s ]
INFO: [ app_end ] --START--
INFO: Run Behavior\ShowPageTraceBehavior [ RunTime:0.000047s ]
INFO: [ app_end ] --END-- [ RunTime:0.000088s ]

[ 2017-04-19T19:03:20+08:00 ] 14.23.185.207 /bookstore/admin.php
INFO: [ app_init ] --START--
INFO: Run Behavior\BuildLiteBehavior [ RunTime:0.000008s ]
INFO: [ app_init ] --END-- [ RunTime:0.000059s ]
INFO: [ app_begin ] --START--
INFO: Run Behavior\ReadHtmlCacheBehavior [ RunTime:0.000032s ]
INFO: [ app_begin ] --END-- [ RunTime:0.000060s ]
SQL: SHOW COLUMNS FROM `book` [ RunTime:0.0005s ]
SQL: SELECT COUNT(*) AS tp_count FROM `book` WHERE `book_isdel` = 0 AND `book_state` = 0 LIMIT 1   [ RunTime:0.0000s ]
SQL: SELECT * FROM `book` WHERE `book_isdel` = 0 AND `book_state` = 0 LIMIT 1,13   [ RunTime:0.0001s ]
SQL: SHOW COLUMNS FROM `user` [ RunTime:0.0003s ]
SQL: SELECT `user_name`,`user_cookie`,`user_photo`,`user_phone`,`user_integral`,`user_grade`,`user_sys`,`user_time`,`user_password` FROM `user` WHERE `user_id` = 2 LIMIT 1   [ RunTime:0.0000s ]
SQL: SHOW COLUMNS FROM `message` [ RunTime:0.0003s ]
SQL: SELECT COUNT(*) AS tp_count FROM `message` WHERE `book_id` = 2 LIMIT 1   [ RunTime:0.0000s ]
SQL: SELECT `user_name`,`user_cookie`,`user_photo`,`user_phone`,`user_integral`,`user_grade`,`user_sys`,`user_time`,`user_password` FROM `user` WHERE `user_id` = 2 LIMIT 1   [ RunTime:0.0000s ]
SQL: SELECT COUNT(*) AS tp_count FROM `message` WHERE `book_id` = 3 LIMIT 1   [ RunTime:0.0000s ]
SQL: SELECT `user_name`,`user_cookie`,`user_photo`,`user_phone`,`user_integral`,`user_grade`,`user_sys`,`user_time`,`user_password` FROM `user` WHERE `user_id` = 2 LIMIT 1   [ RunTime:0.0000s ]
SQL: SELECT COUNT(*) AS tp_count FROM `message` WHERE `book_id` = 4 LIMIT 1   [ RunTime:0.0000s ]
SQL: SELECT `user_name`,`user_cookie`,`user_photo`,`user_phone`,`user_integral`,`user_grade`,`user_sys`,`user_time`,`user_password` FROM `user` WHERE `user_id` = 2 LIMIT 1   [ RunTime:0.0000s ]
SQL: SELECT COUNT(*) AS tp_count FROM `message` WHERE `book_id` = 5 LIMIT 1   [ RunTime:0.0000s ]
SQL: SELECT `user_name`,`user_cookie`,`user_photo`,`user_phone`,`user_integral`,`user_grade`,`user_sys`,`user_time`,`user_password` FROM `user` WHERE `user_id` = 2 LIMIT 1   [ RunTime:0.0000s ]
SQL: SELECT COUNT(*) AS tp_count FROM `message` WHERE `book_id` = 6 LIMIT 1   [ RunTime:0.0000s ]
SQL: SELECT `user_name`,`user_cookie`,`user_photo`,`user_phone`,`user_integral`,`user_grade`,`user_sys`,`user_time`,`user_password` FROM `user` WHERE `user_id` = 2 LIMIT 1   [ RunTime:0.0000s ]
SQL: SELECT COUNT(*) AS tp_count FROM `message` WHERE `book_id` = 7 LIMIT 1   [ RunTime:0.0000s ]
SQL: SELECT `user_name`,`user_cookie`,`user_photo`,`user_phone`,`user_integral`,`user_grade`,`user_sys`,`user_time`,`user_password` FROM `user` WHERE `user_id` = 2 LIMIT 1   [ RunTime:0.0000s ]
SQL: SELECT COUNT(*) AS tp_count FROM `message` WHERE `book_id` = 8 LIMIT 1   [ RunTime:0.0000s ]
SQL: SELECT `user_name`,`user_cookie`,`user_photo`,`user_phone`,`user_integral`,`user_grade`,`user_sys`,`user_time`,`user_password` FROM `user` WHERE `user_id` = 2 LIMIT 1   [ RunTime:0.0000s ]
SQL: SELECT COUNT(*) AS tp_count FROM `message` WHERE `book_id` = 9 LIMIT 1   [ RunTime:0.0000s ]
SQL: SELECT `user_name`,`user_cookie`,`user_photo`,`user_phone`,`user_integral`,`user_grade`,`user_sys`,`user_time`,`user_password` FROM `user` WHERE `user_id` = 1 LIMIT 1   [ RunTime:0.0000s ]
SQL: SELECT COUNT(*) AS tp_count FROM `message` WHERE `book_id` = 10 LIMIT 1   [ RunTime:0.0000s ]
SQL: SELECT `user_name`,`user_cookie`,`user_photo`,`user_phone`,`user_integral`,`user_grade`,`user_sys`,`user_time`,`user_password` FROM `user` WHERE `user_id` = 1 LIMIT 1   [ RunTime:0.0000s ]
SQL: SELECT COUNT(*) AS tp_count FROM `message` WHERE `book_id` = 13 LIMIT 1   [ RunTime:0.0000s ]
SQL: SELECT `user_name`,`user_cookie`,`user_photo`,`user_phone`,`user_integral`,`user_grade`,`user_sys`,`user_time`,`user_password` FROM `user` WHERE `user_id` = 1 LIMIT 1   [ RunTime:0.0000s ]
SQL: SELECT COUNT(*) AS tp_count FROM `message` WHERE `book_id` = 14 LIMIT 1   [ RunTime:0.0000s ]
SQL: SELECT `user_name`,`user_cookie`,`user_photo`,`user_phone`,`user_integral`,`user_grade`,`user_sys`,`user_time`,`user_password` FROM `user` WHERE `user_id` = 5 LIMIT 1   [ RunTime:0.0000s ]
SQL: SELECT COUNT(*) AS tp_count FROM `message` WHERE `book_id` = 18 LIMIT 1   [ RunTime:0.0000s ]
SQL: SELECT COUNT(*) AS tp_count FROM `message` LIMIT 1   [ RunTime:0.0000s ]
SQL: SELECT * FROM `message` LIMIT 7,13   [ RunTime:0.0000s ]
SQL: SELECT `user_name`,`user_photo` FROM `user` WHERE `user_id` = 1 LIMIT 1   [ RunTime:0.0000s ]
SQL: SELECT `user_name`,`user_photo` FROM `user` WHERE `user_id` = 4 LIMIT 1   [ RunTime:0.0001s ]
SQL: SELECT `user_name`,`user_photo` FROM `user` WHERE `user_id` = 5 LIMIT 1   [ RunTime:0.0001s ]
INFO: [ view_parse ] --START--
INFO: [ template_filter ] --START--
INFO: Run Behavior\ContentReplaceBehavior [ RunTime:0.000057s ]
INFO: [ template_filter ] --END-- [ RunTime:0.000104s ]
INFO: Run Behavior\ParseTemplateBehavior [ RunTime:0.005257s ]
INFO: [ view_parse ] --END-- [ RunTime:0.005299s ]
INFO: [ view_filter ] --START--
INFO: Run Behavior\WriteHtmlCacheBehavior [ RunTime:0.000043s ]
INFO: [ view_filter ] --END-- [ RunTime:0.000071s ]
INFO: [ app_end ] --START--
INFO: Run Behavior\ShowPageTraceBehavior [ RunTime:0.000043s ]
INFO: [ app_end ] --END-- [ RunTime:0.000086s ]

[ 2017-04-19T19:03:22+08:00 ] 14.23.185.207 /bookstore/admin.php
INFO: [ app_init ] --START--
INFO: Run Behavior\BuildLiteBehavior [ RunTime:0.000013s ]
INFO: [ app_init ] --END-- [ RunTime:0.000092s ]
INFO: [ app_begin ] --START--
INFO: Run Behavior\ReadHtmlCacheBehavior [ RunTime:0.000038s ]
INFO: [ app_begin ] --END-- [ RunTime:0.000073s ]
SQL: SHOW COLUMNS FROM `book` [ RunTime:0.0006s ]
SQL: SELECT COUNT(*) AS tp_count FROM `book` WHERE `book_isdel` = 0 AND `book_state` = 0 LIMIT 1   [ RunTime:0.0001s ]
SQL: SELECT * FROM `book` WHERE `book_isdel` = 0 AND `book_state` = 0 LIMIT 1,13   [ RunTime:0.0001s ]
SQL: SHOW COLUMNS FROM `user` [ RunTime:0.0005s ]
SQL: SELECT `user_name`,`user_cookie`,`user_photo`,`user_phone`,`user_integral`,`user_grade`,`user_sys`,`user_time`,`user_password` FROM `user` WHERE `user_id` = 2 LIMIT 1   [ RunTime:0.0001s ]
SQL: SHOW COLUMNS FROM `message` [ RunTime:0.0005s ]
SQL: SELECT COUNT(*) AS tp_count FROM `message` WHERE `book_id` = 2 LIMIT 1   [ RunTime:0.0000s ]
SQL: SELECT `user_name`,`user_cookie`,`user_photo`,`user_phone`,`user_integral`,`user_grade`,`user_sys`,`user_time`,`user_password` FROM `user` WHERE `user_id` = 2 LIMIT 1   [ RunTime:0.0001s ]
SQL: SELECT COUNT(*) AS tp_count FROM `message` WHERE `book_id` = 3 LIMIT 1   [ RunTime:0.0000s ]
SQL: SELECT `user_name`,`user_cookie`,`user_photo`,`user_phone`,`user_integral`,`user_grade`,`user_sys`,`user_time`,`user_password` FROM `user` WHERE `user_id` = 2 LIMIT 1   [ RunTime:0.0001s ]
SQL: SELECT COUNT(*) AS tp_count FROM `message` WHERE `book_id` = 4 LIMIT 1   [ RunTime:0.0001s ]
SQL: SELECT `user_name`,`user_cookie`,`user_photo`,`user_phone`,`user_integral`,`user_grade`,`user_sys`,`user_time`,`user_password` FROM `user` WHERE `user_id` = 2 LIMIT 1   [ RunTime:0.0002s ]
SQL: SELECT COUNT(*) AS tp_count FROM `message` WHERE `book_id` = 5 LIMIT 1   [ RunTime:0.0001s ]
SQL: SELECT `user_name`,`user_cookie`,`user_photo`,`user_phone`,`user_integral`,`user_grade`,`user_sys`,`user_time`,`user_password` FROM `user` WHERE `user_id` = 2 LIMIT 1   [ RunTime:0.0001s ]
SQL: SELECT COUNT(*) AS tp_count FROM `message` WHERE `book_id` = 6 LIMIT 1   [ RunTime:0.0001s ]
SQL: SELECT `user_name`,`user_cookie`,`user_photo`,`user_phone`,`user_integral`,`user_grade`,`user_sys`,`user_time`,`user_password` FROM `user` WHERE `user_id` = 2 LIMIT 1   [ RunTime:0.0000s ]
SQL: SELECT COUNT(*) AS tp_count FROM `message` WHERE `book_id` = 7 LIMIT 1   [ RunTime:0.0000s ]
SQL: SELECT `user_name`,`user_cookie`,`user_photo`,`user_phone`,`user_integral`,`user_grade`,`user_sys`,`user_time`,`user_password` FROM `user` WHERE `user_id` = 2 LIMIT 1   [ RunTime:0.0001s ]
SQL: SELECT COUNT(*) AS tp_count FROM `message` WHERE `book_id` = 8 LIMIT 1   [ RunTime:0.0000s ]
SQL: SELECT `user_name`,`user_cookie`,`user_photo`,`user_phone`,`user_integral`,`user_grade`,`user_sys`,`user_time`,`user_password` FROM `user` WHERE `user_id` = 2 LIMIT 1   [ RunTime:0.0001s ]
SQL: SELECT COUNT(*) AS tp_count FROM `message` WHERE `book_id` = 9 LIMIT 1   [ RunTime:0.0001s ]
SQL: SELECT `user_name`,`user_cookie`,`user_photo`,`user_phone`,`user_integral`,`user_grade`,`user_sys`,`user_time`,`user_password` FROM `user` WHERE `user_id` = 1 LIMIT 1   [ RunTime:0.0001s ]
SQL: SELECT COUNT(*) AS tp_count FROM `message` WHERE `book_id` = 10 LIMIT 1   [ RunTime:0.0001s ]
SQL: SELECT `user_name`,`user_cookie`,`user_photo`,`user_phone`,`user_integral`,`user_grade`,`user_sys`,`user_time`,`user_password` FROM `user` WHERE `user_id` = 1 LIMIT 1   [ RunTime:0.0001s ]
SQL: SELECT COUNT(*) AS tp_count FROM `message` WHERE `book_id` = 13 LIMIT 1   [ RunTime:0.0000s ]
SQL: SELECT `user_name`,`user_cookie`,`user_photo`,`user_phone`,`user_integral`,`user_grade`,`user_sys`,`user_time`,`user_password` FROM `user` WHERE `user_id` = 1 LIMIT 1   [ RunTime:0.0001s ]
SQL: SELECT COUNT(*) AS tp_count FROM `message` WHERE `book_id` = 14 LIMIT 1   [ RunTime:0.0000s ]
SQL: SELECT `user_name`,`user_cookie`,`user_photo`,`user_phone`,`user_integral`,`user_grade`,`user_sys`,`user_time`,`user_password` FROM `user` WHERE `user_id` = 5 LIMIT 1   [ RunTime:0.0000s ]
SQL: SELECT COUNT(*) AS tp_count FROM `message` WHERE `book_id` = 18 LIMIT 1   [ RunTime:0.0000s ]
SQL: SELECT COUNT(*) AS tp_count FROM `message` LIMIT 1   [ RunTime:0.0000s ]
SQL: SELECT * FROM `message` LIMIT 7,13   [ RunTime:0.0000s ]
SQL: SELECT `user_name`,`user_photo` FROM `user` WHERE `user_id` = 1 LIMIT 1   [ RunTime:0.0000s ]
SQL: SELECT `user_name`,`user_photo` FROM `user` WHERE `user_id` = 4 LIMIT 1   [ RunTime:0.0000s ]
SQL: SELECT `user_name`,`user_photo` FROM `user` WHERE `user_id` = 5 LIMIT 1   [ RunTime:0.0000s ]
INFO: [ view_parse ] --START--
INFO: [ template_filter ] --START--
INFO: Run Behavior\ContentReplaceBehavior [ RunTime:0.000063s ]
INFO: [ template_filter ] --END-- [ RunTime:0.000120s ]
INFO: Run Behavior\ParseTemplateBehavior [ RunTime:0.006647s ]
INFO: [ view_parse ] --END-- [ RunTime:0.006690s ]
INFO: [ view_filter ] --START--
INFO: Run Behavior\WriteHtmlCacheBehavior [ RunTime:0.000125s ]
INFO: [ view_filter ] --END-- [ RunTime:0.000158s ]
INFO: [ app_end ] --START--
INFO: Run Behavior\ShowPageTraceBehavior [ RunTime:0.000044s ]
INFO: [ app_end ] --END-- [ RunTime:0.000079s ]

[ 2017-04-19T19:03:22+08:00 ] 14.23.185.207 /bookstore/admin.php
INFO: [ app_init ] --START--
INFO: Run Behavior\BuildLiteBehavior [ RunTime:0.000012s ]
INFO: [ app_init ] --END-- [ RunTime:0.000082s ]
INFO: [ app_begin ] --START--
INFO: Run Behavior\ReadHtmlCacheBehavior [ RunTime:0.000036s ]
INFO: [ app_begin ] --END-- [ RunTime:0.000079s ]
SQL: SHOW COLUMNS FROM `book` [ RunTime:0.0006s ]
SQL: SELECT COUNT(*) AS tp_count FROM `book` WHERE `book_isdel` = 0 AND `book_state` = 0 LIMIT 1   [ RunTime:0.0001s ]
SQL: SELECT * FROM `book` WHERE `book_isdel` = 0 AND `book_state` = 0 LIMIT 1,13   [ RunTime:0.0001s ]
SQL: SHOW COLUMNS FROM `user` [ RunTime:0.0003s ]
SQL: SELECT `user_name`,`user_cookie`,`user_photo`,`user_phone`,`user_integral`,`user_grade`,`user_sys`,`user_time`,`user_password` FROM `user` WHERE `user_id` = 2 LIMIT 1   [ RunTime:0.0000s ]
SQL: SHOW COLUMNS FROM `message` [ RunTime:0.0003s ]
SQL: SELECT COUNT(*) AS tp_count FROM `message` WHERE `book_id` = 2 LIMIT 1   [ RunTime:0.0001s ]
SQL: SELECT `user_name`,`user_cookie`,`user_photo`,`user_phone`,`user_integral`,`user_grade`,`user_sys`,`user_time`,`user_password` FROM `user` WHERE `user_id` = 2 LIMIT 1   [ RunTime:0.0000s ]
SQL: SELECT COUNT(*) AS tp_count FROM `message` WHERE `book_id` = 3 LIMIT 1   [ RunTime:0.0000s ]
SQL: SELECT `user_name`,`user_cookie`,`user_photo`,`user_phone`,`user_integral`,`user_grade`,`user_sys`,`user_time`,`user_password` FROM `user` WHERE `user_id` = 2 LIMIT 1   [ RunTime:0.0000s ]
SQL: SELECT COUNT(*) AS tp_count FROM `message` WHERE `book_id` = 4 LIMIT 1   [ RunTime:0.0000s ]
SQL: SELECT `user_name`,`user_cookie`,`user_photo`,`user_phone`,`user_integral`,`user_grade`,`user_sys`,`user_time`,`user_password` FROM `user` WHERE `user_id` = 2 LIMIT 1   [ RunTime:0.0000s ]
SQL: SELECT COUNT(*) AS tp_count FROM `message` WHERE `book_id` = 5 LIMIT 1   [ RunTime:0.0000s ]
SQL: SELECT `user_name`,`user_cookie`,`user_photo`,`user_phone`,`user_integral`,`user_grade`,`user_sys`,`user_time`,`user_password` FROM `user` WHERE `user_id` = 2 LIMIT 1   [ RunTime:0.0000s ]
SQL: SELECT COUNT(*) AS tp_count FROM `message` WHERE `book_id` = 6 LIMIT 1   [ RunTime:0.0000s ]
SQL: SELECT `user_name`,`user_cookie`,`user_photo`,`user_phone`,`user_integral`,`user_grade`,`user_sys`,`user_time`,`user_password` FROM `user` WHERE `user_id` = 2 LIMIT 1   [ RunTime:0.0000s ]
SQL: SELECT COUNT(*) AS tp_count FROM `message` WHERE `book_id` = 7 LIMIT 1   [ RunTime:0.0000s ]
SQL: SELECT `user_name`,`user_cookie`,`user_photo`,`user_phone`,`user_integral`,`user_grade`,`user_sys`,`user_time`,`user_password` FROM `user` WHERE `user_id` = 2 LIMIT 1   [ RunTime:0.0000s ]
SQL: SELECT COUNT(*) AS tp_count FROM `message` WHERE `book_id` = 8 LIMIT 1   [ RunTime:0.0000s ]
SQL: SELECT `user_name`,`user_cookie`,`user_photo`,`user_phone`,`user_integral`,`user_grade`,`user_sys`,`user_time`,`user_password` FROM `user` WHERE `user_id` = 2 LIMIT 1   [ RunTime:0.0000s ]
SQL: SELECT COUNT(*) AS tp_count FROM `message` WHERE `book_id` = 9 LIMIT 1   [ RunTime:0.0000s ]
SQL: SELECT `user_name`,`user_cookie`,`user_photo`,`user_phone`,`user_integral`,`user_grade`,`user_sys`,`user_time`,`user_password` FROM `user` WHERE `user_id` = 1 LIMIT 1   [ RunTime:0.0000s ]
SQL: SELECT COUNT(*) AS tp_count FROM `message` WHERE `book_id` = 10 LIMIT 1   [ RunTime:0.0000s ]
SQL: SELECT `user_name`,`user_cookie`,`user_photo`,`user_phone`,`user_integral`,`user_grade`,`user_sys`,`user_time`,`user_password` FROM `user` WHERE `user_id` = 1 LIMIT 1   [ RunTime:0.0000s ]
SQL: SELECT COUNT(*) AS tp_count FROM `message` WHERE `book_id` = 13 LIMIT 1   [ RunTime:0.0000s ]
SQL: SELECT `user_name`,`user_cookie`,`user_photo`,`user_phone`,`user_integral`,`user_grade`,`user_sys`,`user_time`,`user_password` FROM `user` WHERE `user_id` = 1 LIMIT 1   [ RunTime:0.0000s ]
SQL: SELECT COUNT(*) AS tp_count FROM `message` WHERE `book_id` = 14 LIMIT 1   [ RunTime:0.0000s ]
SQL: SELECT `user_name`,`user_cookie`,`user_photo`,`user_phone`,`user_integral`,`user_grade`,`user_sys`,`user_time`,`user_password` FROM `user` WHERE `user_id` = 5 LIMIT 1   [ RunTime:0.0000s ]
SQL: SELECT COUNT(*) AS tp_count FROM `message` WHERE `book_id` = 18 LIMIT 1   [ RunTime:0.0000s ]
SQL: SELECT COUNT(*) AS tp_count FROM `message` LIMIT 1   [ RunTime:0.0000s ]
SQL: SELECT * FROM `message` LIMIT 7,13   [ RunTime:0.0000s ]
SQL: SELECT `user_name`,`user_photo` FROM `user` WHERE `user_id` = 1 LIMIT 1   [ RunTime:0.0000s ]
SQL: SELECT `user_name`,`user_photo` FROM `user` WHERE `user_id` = 4 LIMIT 1   [ RunTime:0.0000s ]
SQL: SELECT `user_name`,`user_photo` FROM `user` WHERE `user_id` = 5 LIMIT 1   [ RunTime:0.0000s ]
INFO: [ view_parse ] --START--
INFO: [ template_filter ] --START--
INFO: Run Behavior\ContentReplaceBehavior [ RunTime:0.000059s ]
INFO: [ template_filter ] --END-- [ RunTime:0.000116s ]
INFO: Run Behavior\ParseTemplateBehavior [ RunTime:0.005026s ]
INFO: [ view_parse ] --END-- [ RunTime:0.005070s ]
INFO: [ view_filter ] --START--
INFO: Run Behavior\WriteHtmlCacheBehavior [ RunTime:0.000036s ]
INFO: [ view_filter ] --END-- [ RunTime:0.000054s ]
INFO: [ app_end ] --START--
INFO: Run Behavior\ShowPageTraceBehavior [ RunTime:0.000043s ]
INFO: [ app_end ] --END-- [ RunTime:0.000082s ]

[ 2017-04-19T19:03:23+08:00 ] 14.23.185.207 /bookstore/admin.php
INFO: [ app_init ] --START--
INFO: Run Behavior\BuildLiteBehavior [ RunTime:0.000011s ]
INFO: [ app_init ] --END-- [ RunTime:0.000072s ]
INFO: [ app_begin ] --START--
INFO: Run Behavior\ReadHtmlCacheBehavior [ RunTime:0.000028s ]
INFO: [ app_begin ] --END-- [ RunTime:0.000058s ]
SQL: SHOW COLUMNS FROM `book` [ RunTime:0.0006s ]
SQL: SELECT COUNT(*) AS tp_count FROM `book` WHERE `book_isdel` = 0 AND `book_state` = 0 LIMIT 1   [ RunTime:0.0001s ]
SQL: SELECT * FROM `book` WHERE `book_isdel` = 0 AND `book_state` = 0 LIMIT 1,13   [ RunTime:0.0001s ]
SQL: SHOW COLUMNS FROM `user` [ RunTime:0.0004s ]
SQL: SELECT `user_name`,`user_cookie`,`user_photo`,`user_phone`,`user_integral`,`user_grade`,`user_sys`,`user_time`,`user_password` FROM `user` WHERE `user_id` = 2 LIMIT 1   [ RunTime:0.0001s ]
SQL: SHOW COLUMNS FROM `message` [ RunTime:0.0003s ]
SQL: SELECT COUNT(*) AS tp_count FROM `message` WHERE `book_id` = 2 LIMIT 1   [ RunTime:0.0000s ]
SQL: SELECT `user_name`,`user_cookie`,`user_photo`,`user_phone`,`user_integral`,`user_grade`,`user_sys`,`user_time`,`user_password` FROM `user` WHERE `user_id` = 2 LIMIT 1   [ RunTime:0.0000s ]
SQL: SELECT COUNT(*) AS tp_count FROM `message` WHERE `book_id` = 3 LIMIT 1   [ RunTime:0.0000s ]
SQL: SELECT `user_name`,`user_cookie`,`user_photo`,`user_phone`,`user_integral`,`user_grade`,`user_sys`,`user_time`,`user_password` FROM `user` WHERE `user_id` = 2 LIMIT 1   [ RunTime:0.0000s ]
SQL: SELECT COUNT(*) AS tp_count FROM `message` WHERE `book_id` = 4 LIMIT 1   [ RunTime:0.0000s ]
SQL: SELECT `user_name`,`user_cookie`,`user_photo`,`user_phone`,`user_integral`,`user_grade`,`user_sys`,`user_time`,`user_password` FROM `user` WHERE `user_id` = 2 LIMIT 1   [ RunTime:0.0001s ]
SQL: SELECT COUNT(*) AS tp_count FROM `message` WHERE `book_id` = 5 LIMIT 1   [ RunTime:0.0001s ]
SQL: SELECT `user_name`,`user_cookie`,`user_photo`,`user_phone`,`user_integral`,`user_grade`,`user_sys`,`user_time`,`user_password` FROM `user` WHERE `user_id` = 2 LIMIT 1   [ RunTime:0.0001s ]
SQL: SELECT COUNT(*) AS tp_count FROM `message` WHERE `book_id` = 6 LIMIT 1   [ RunTime:0.0001s ]
SQL: SELECT `user_name`,`user_cookie`,`user_photo`,`user_phone`,`user_integral`,`user_grade`,`user_sys`,`user_time`,`user_password` FROM `user` WHERE `user_id` = 2 LIMIT 1   [ RunTime:0.0001s ]
SQL: SELECT COUNT(*) AS tp_count FROM `message` WHERE `book_id` = 7 LIMIT 1   [ RunTime:0.0001s ]
SQL: SELECT `user_name`,`user_cookie`,`user_photo`,`user_phone`,`user_integral`,`user_grade`,`user_sys`,`user_time`,`user_password` FROM `user` WHERE `user_id` = 2 LIMIT 1   [ RunTime:0.0001s ]
SQL: SELECT COUNT(*) AS tp_count FROM `message` WHERE `book_id` = 8 LIMIT 1   [ RunTime:0.0001s ]
SQL: SELECT `user_name`,`user_cookie`,`user_photo`,`user_phone`,`user_integral`,`user_grade`,`user_sys`,`user_time`,`user_password` FROM `user` WHERE `user_id` = 2 LIMIT 1   [ RunTime:0.0001s ]
SQL: SELECT COUNT(*) AS tp_count FROM `message` WHERE `book_id` = 9 LIMIT 1   [ RunTime:0.0001s ]
SQL: SELECT `user_name`,`user_cookie`,`user_photo`,`user_phone`,`user_integral`,`user_grade`,`user_sys`,`user_time`,`user_password` FROM `user` WHERE `user_id` = 1 LIMIT 1   [ RunTime:0.0001s ]
SQL: SELECT COUNT(*) AS tp_count FROM `message` WHERE `book_id` = 10 LIMIT 1   [ RunTime:0.0001s ]
SQL: SELECT `user_name`,`user_cookie`,`user_photo`,`user_phone`,`user_integral`,`user_grade`,`user_sys`,`user_time`,`user_password` FROM `user` WHERE `user_id` = 1 LIMIT 1   [ RunTime:0.0001s ]
SQL: SELECT COUNT(*) AS tp_count FROM `message` WHERE `book_id` = 13 LIMIT 1   [ RunTime:0.0001s ]
SQL: SELECT `user_name`,`user_cookie`,`user_photo`,`user_phone`,`user_integral`,`user_grade`,`user_sys`,`user_time`,`user_password` FROM `user` WHERE `user_id` = 1 LIMIT 1   [ RunTime:0.0001s ]
SQL: SELECT COUNT(*) AS tp_count FROM `message` WHERE `book_id` = 14 LIMIT 1   [ RunTime:0.0001s ]
SQL: SELECT `user_name`,`user_cookie`,`user_photo`,`user_phone`,`user_integral`,`user_grade`,`user_sys`,`user_time`,`user_password` FROM `user` WHERE `user_id` = 5 LIMIT 1   [ RunTime:0.0001s ]
SQL: SELECT COUNT(*) AS tp_count FROM `message` WHERE `book_id` = 18 LIMIT 1   [ RunTime:0.0001s ]
SQL: SELECT COUNT(*) AS tp_count FROM `message` LIMIT 1   [ RunTime:0.0000s ]
SQL: SELECT * FROM `message` LIMIT 7,13   [ RunTime:0.0001s ]
SQL: SELECT `user_name`,`user_photo` FROM `user` WHERE `user_id` = 1 LIMIT 1   [ RunTime:0.0001s ]
SQL: SELECT `user_name`,`user_photo` FROM `user` WHERE `user_id` = 4 LIMIT 1   [ RunTime:0.0001s ]
SQL: SELECT `user_name`,`user_photo` FROM `user` WHERE `user_id` = 5 LIMIT 1   [ RunTime:0.0000s ]
INFO: [ view_parse ] --START--
INFO: [ template_filter ] --START--
INFO: Run Behavior\ContentReplaceBehavior [ RunTime:0.000063s ]
INFO: [ template_filter ] --END-- [ RunTime:0.000120s ]
INFO: Run Behavior\ParseTemplateBehavior [ RunTime:0.005030s ]
INFO: [ view_parse ] --END-- [ RunTime:0.005110s ]
INFO: [ view_filter ] --START--
INFO: Run Behavior\WriteHtmlCacheBehavior [ RunTime:0.000043s ]
INFO: [ view_filter ] --END-- [ RunTime:0.000075s ]
INFO: [ app_end ] --START--
INFO: Run Behavior\ShowPageTraceBehavior [ RunTime:0.000034s ]
INFO: [ app_end ] --END-- [ RunTime:0.000069s ]

[ 2017-04-19T19:23:52+08:00 ] 14.23.185.207 /bookstore/admin.php/Index/addgoods
INFO: [ app_init ] --START--
INFO: Run Behavior\BuildLiteBehavior [ RunTime:0.000012s ]
INFO: [ app_init ] --END-- [ RunTime:0.000083s ]
INFO: [ app_begin ] --START--
INFO: Run Behavior\ReadHtmlCacheBehavior [ RunTime:0.000030s ]
INFO: [ app_begin ] --END-- [ RunTime:0.000058s ]
ERR: 非法操作:addgoods

[ 2017-04-19T19:23:56+08:00 ] 14.23.185.207 /bookstore/admin.php/Index/personal
INFO: [ app_init ] --START--
INFO: Run Behavior\BuildLiteBehavior [ RunTime:0.000013s ]
INFO: [ app_init ] --END-- [ RunTime:0.000090s ]
INFO: [ app_begin ] --START--
INFO: Run Behavior\ReadHtmlCacheBehavior [ RunTime:0.000043s ]
INFO: [ app_begin ] --END-- [ RunTime:0.000087s ]
INFO: [ view_parse ] --START--
INFO: [ template_filter ] --START--
INFO: Run Behavior\ContentReplaceBehavior [ RunTime:0.000102s ]
INFO: [ template_filter ] --END-- [ RunTime:0.000162s ]
INFO: Run Behavior\ParseTemplateBehavior [ RunTime:0.004458s ]
INFO: [ view_parse ] --END-- [ RunTime:0.004500s ]
INFO: [ view_filter ] --START--
INFO: Run Behavior\WriteHtmlCacheBehavior [ RunTime:0.000090s ]
INFO: [ view_filter ] --END-- [ RunTime:0.000120s ]
INFO: [ app_end ] --START--
INFO: Run Behavior\ShowPageTraceBehavior [ RunTime:0.000053s ]
INFO: [ app_end ] --END-- [ RunTime:0.000090s ]

[ 2017-04-19T19:24:12+08:00 ] 14.23.185.207 /bookstore/admin.php/Index/index
INFO: [ app_init ] --START--
INFO: Run Behavior\BuildLiteBehavior [ RunTime:0.000015s ]
INFO: [ app_init ] --END-- [ RunTime:0.000125s ]
INFO: [ app_begin ] --START--
INFO: Run Behavior\ReadHtmlCacheBehavior [ RunTime:0.000044s ]
INFO: [ app_begin ] --END-- [ RunTime:0.000086s ]
SQL: SHOW COLUMNS FROM `book` [ RunTime:0.0006s ]
SQL: SELECT COUNT(*) AS tp_count FROM `book` WHERE `book_isdel` = 0 AND `book_state` = 0 LIMIT 1   [ RunTime:0.0001s ]
SQL: SELECT * FROM `book` WHERE `book_isdel` = 0 AND `book_state` = 0 LIMIT 1,13   [ RunTime:0.0001s ]
SQL: SHOW COLUMNS FROM `user` [ RunTime:0.0005s ]
SQL: SELECT `user_name`,`user_cookie`,`user_photo`,`user_phone`,`user_integral`,`user_grade`,`user_sys`,`user_time`,`user_password` FROM `user` WHERE `user_id` = 2 LIMIT 1   [ RunTime:0.0001s ]
SQL: SHOW COLUMNS FROM `message` [ RunTime:0.0004s ]
SQL: SELECT COUNT(*) AS tp_count FROM `message` WHERE `book_id` = 2 LIMIT 1   [ RunTime:0.0001s ]
SQL: SELECT `user_name`,`user_cookie`,`user_photo`,`user_phone`,`user_integral`,`user_grade`,`user_sys`,`user_time`,`user_password` FROM `user` WHERE `user_id` = 2 LIMIT 1   [ RunTime:0.0001s ]
SQL: SELECT COUNT(*) AS tp_count FROM `message` WHERE `book_id` = 3 LIMIT 1   [ RunTime:0.0001s ]
SQL: SELECT `user_name`,`user_cookie`,`user_photo`,`user_phone`,`user_integral`,`user_grade`,`user_sys`,`user_time`,`user_password` FROM `user` WHERE `user_id` = 2 LIMIT 1   [ RunTime:0.0001s ]
SQL: SELECT COUNT(*) AS tp_count FROM `message` WHERE `book_id` = 4 LIMIT 1   [ RunTime:0.0001s ]
SQL: SELECT `user_name`,`user_cookie`,`user_photo`,`user_phone`,`user_integral`,`user_grade`,`user_sys`,`user_time`,`user_password` FROM `user` WHERE `user_id` = 2 LIMIT 1   [ RunTime:0.0001s ]
SQL: SELECT COUNT(*) AS tp_count FROM `message` WHERE `book_id` = 5 LIMIT 1   [ RunTime:0.0001s ]
SQL: SELECT `user_name`,`user_cookie`,`user_photo`,`user_phone`,`user_integral`,`user_grade`,`user_sys`,`user_time`,`user_password` FROM `user` WHERE `user_id` = 2 LIMIT 1   [ RunTime:0.0001s ]
SQL: SELECT COUNT(*) AS tp_count FROM `message` WHERE `book_id` = 6 LIMIT 1   [ RunTime:0.0001s ]
SQL: SELECT `user_name`,`user_cookie`,`user_photo`,`user_phone`,`user_integral`,`user_grade`,`user_sys`,`user_time`,`user_password` FROM `user` WHERE `user_id` = 2 LIMIT 1   [ RunTime:0.0001s ]
SQL: SELECT COUNT(*) AS tp_count FROM `message` WHERE `book_id` = 7 LIMIT 1   [ RunTime:0.0001s ]
SQL: SELECT `user_name`,`user_cookie`,`user_photo`,`user_phone`,`user_integral`,`user_grade`,`user_sys`,`user_time`,`user_password` FROM `user` WHERE `user_id` = 2 LIMIT 1   [ RunTime:0.0001s ]
SQL: SELECT COUNT(*) AS tp_count FROM `message` WHERE `book_id` = 8 LIMIT 1   [ RunTime:0.0001s ]
SQL: SELECT `user_name`,`user_cookie`,`user_photo`,`user_phone`,`user_integral`,`user_grade`,`user_sys`,`user_time`,`user_password` FROM `user` WHERE `user_id` = 2 LIMIT 1   [ RunTime:0.0002s ]
SQL: SELECT COUNT(*) AS tp_count FROM `message` WHERE `book_id` = 9 LIMIT 1   [ RunTime:0.0001s ]
SQL: SELECT `user_name`,`user_cookie`,`user_photo`,`user_phone`,`user_integral`,`user_grade`,`user_sys`,`user_time`,`user_password` FROM `user` WHERE `user_id` = 1 LIMIT 1   [ RunTime:0.0001s ]
SQL: SELECT COUNT(*) AS tp_count FROM `message` WHERE `book_id` = 10 LIMIT 1   [ RunTime:0.0001s ]
SQL: SELECT `user_name`,`user_cookie`,`user_photo`,`user_phone`,`user_integral`,`user_grade`,`user_sys`,`user_time`,`user_password` FROM `user` WHERE `user_id` = 1 LIMIT 1   [ RunTime:0.0001s ]
SQL: SELECT COUNT(*) AS tp_count FROM `message` WHERE `book_id` = 13 LIMIT 1   [ RunTime:0.0001s ]
SQL: SELECT `user_name`,`user_cookie`,`user_photo`,`user_phone`,`user_integral`,`user_grade`,`user_sys`,`user_time`,`user_password` FROM `user` WHERE `user_id` = 1 LIMIT 1   [ RunTime:0.0001s ]
SQL: SELECT COUNT(*) AS tp_count FROM `message` WHERE `book_id` = 14 LIMIT 1   [ RunTime:0.0000s ]
SQL: SELECT `user_name`,`user_cookie`,`user_photo`,`user_phone`,`user_integral`,`user_grade`,`user_sys`,`user_time`,`user_password` FROM `user` WHERE `user_id` = 5 LIMIT 1   [ RunTime:0.0001s ]
SQL: SELECT COUNT(*) AS tp_count FROM `message` WHERE `book_id` = 18 LIMIT 1   [ RunTime:0.0001s ]
SQL: SELECT COUNT(*) AS tp_count FROM `message` LIMIT 1   [ RunTime:0.0001s ]
SQL: SELECT * FROM `message` LIMIT 7,13   [ RunTime:0.0001s ]
SQL: SELECT `user_name`,`user_photo` FROM `user` WHERE `user_id` = 1 LIMIT 1   [ RunTime:0.0003s ]
SQL: SELECT `user_name`,`user_photo` FROM `user` WHERE `user_id` = 4 LIMIT 1   [ RunTime:0.0001s ]
SQL: SELECT `user_name`,`user_photo` FROM `user` WHERE `user_id` = 5 LIMIT 1   [ RunTime:0.0001s ]
INFO: [ view_parse ] --START--
INFO: [ template_filter ] --START--
INFO: Run Behavior\ContentReplaceBehavior [ RunTime:0.000074s ]
INFO: [ template_filter ] --END-- [ RunTime:0.000146s ]
INFO: Run Behavior\ParseTemplateBehavior [ RunTime:0.008435s ]
INFO: [ view_parse ] --END-- [ RunTime:0.008491s ]
INFO: [ view_filter ] --START--
INFO: Run Behavior\WriteHtmlCacheBehavior [ RunTime:0.000059s ]
INFO: [ view_filter ] --END-- [ RunTime:0.000090s ]
INFO: [ app_end ] --START--
INFO: Run Behavior\ShowPageTraceBehavior [ RunTime:0.000052s ]
INFO: [ app_end ] --END-- [ RunTime:0.000096s ]

[ 2017-04-19T19:25:58+08:00 ] 14.23.185.207 /bookstore/admin.php/Index/index
INFO: [ app_init ] --START--
INFO: Run Behavior\BuildLiteBehavior [ RunTime:0.000013s ]
INFO: [ app_init ] --END-- [ RunTime:0.000094s ]
INFO: [ app_begin ] --START--
INFO: Run Behavior\ReadHtmlCacheBehavior [ RunTime:0.000041s ]
INFO: [ app_begin ] --END-- [ RunTime:0.000078s ]
SQL: SHOW COLUMNS FROM `book` [ RunTime:0.0006s ]
SQL: SELECT COUNT(*) AS tp_count FROM `book` WHERE `book_isdel` = 0 AND `book_state` = 0 LIMIT 1   [ RunTime:0.0001s ]
SQL: SELECT * FROM `book` WHERE `book_isdel` = 0 AND `book_state` = 0 LIMIT 1,13   [ RunTime:0.0001s ]
SQL: SHOW COLUMNS FROM `user` [ RunTime:0.0004s ]
SQL: SELECT `user_name`,`user_cookie`,`user_photo`,`user_phone`,`user_integral`,`user_grade`,`user_sys`,`user_time`,`user_password` FROM `user` WHERE `user_id` = 2 LIMIT 1   [ RunTime:0.0001s ]
SQL: SHOW COLUMNS FROM `message` [ RunTime:0.0003s ]
SQL: SELECT COUNT(*) AS tp_count FROM `message` WHERE `book_id` = 2 LIMIT 1   [ RunTime:0.0001s ]
SQL: SELECT `user_name`,`user_cookie`,`user_photo`,`user_phone`,`user_integral`,`user_grade`,`user_sys`,`user_time`,`user_password` FROM `user` WHERE `user_id` = 2 LIMIT 1   [ RunTime:0.0001s ]
SQL: SELECT COUNT(*) AS tp_count FROM `message` WHERE `book_id` = 3 LIMIT 1   [ RunTime:0.0001s ]
SQL: SELECT `user_name`,`user_cookie`,`user_photo`,`user_phone`,`user_integral`,`user_grade`,`user_sys`,`user_time`,`user_password` FROM `user` WHERE `user_id` = 2 LIMIT 1   [ RunTime:0.0001s ]
SQL: SELECT COUNT(*) AS tp_count FROM `message` WHERE `book_id` = 4 LIMIT 1   [ RunTime:0.0000s ]
SQL: SELECT `user_name`,`user_cookie`,`user_photo`,`user_phone`,`user_integral`,`user_grade`,`user_sys`,`user_time`,`user_password` FROM `user` WHERE `user_id` = 2 LIMIT 1   [ RunTime:0.0000s ]
SQL: SELECT COUNT(*) AS tp_count FROM `message` WHERE `book_id` = 5 LIMIT 1   [ RunTime:0.0000s ]
SQL: SELECT `user_name`,`user_cookie`,`user_photo`,`user_phone`,`user_integral`,`user_grade`,`user_sys`,`user_time`,`user_password` FROM `user` WHERE `user_id` = 2 LIMIT 1   [ RunTime:0.0001s ]
SQL: SELECT COUNT(*) AS tp_count FROM `message` WHERE `book_id` = 6 LIMIT 1   [ RunTime:0.0000s ]
SQL: SELECT `user_name`,`user_cookie`,`user_photo`,`user_phone`,`user_integral`,`user_grade`,`user_sys`,`user_time`,`user_password` FROM `user` WHERE `user_id` = 2 LIMIT 1   [ RunTime:0.0000s ]
SQL: SELECT COUNT(*) AS tp_count FROM `message` WHERE `book_id` = 7 LIMIT 1   [ RunTime:0.0000s ]
SQL: SELECT `user_name`,`user_cookie`,`user_photo`,`user_phone`,`user_integral`,`user_grade`,`user_sys`,`user_time`,`user_password` FROM `user` WHERE `user_id` = 2 LIMIT 1   [ RunTime:0.0000s ]
SQL: SELECT COUNT(*) AS tp_count FROM `message` WHERE `book_id` = 8 LIMIT 1   [ RunTime:0.0000s ]
SQL: SELECT `user_name`,`user_cookie`,`user_photo`,`user_phone`,`user_integral`,`user_grade`,`user_sys`,`user_time`,`user_password` FROM `user` WHERE `user_id` = 2 LIMIT 1   [ RunTime:0.0000s ]
SQL: SELECT COUNT(*) AS tp_count FROM `message` WHERE `book_id` = 9 LIMIT 1   [ RunTime:0.0000s ]
SQL: SELECT `user_name`,`user_cookie`,`user_photo`,`user_phone`,`user_integral`,`user_grade`,`user_sys`,`user_time`,`user_password` FROM `user` WHERE `user_id` = 1 LIMIT 1   [ RunTime:0.0000s ]
SQL: SELECT COUNT(*) AS tp_count FROM `message` WHERE `book_id` = 10 LIMIT 1   [ RunTime:0.0000s ]
SQL: SELECT `user_name`,`user_cookie`,`user_photo`,`user_phone`,`user_integral`,`user_grade`,`user_sys`,`user_time`,`user_password` FROM `user` WHERE `user_id` = 1 LIMIT 1   [ RunTime:0.0000s ]
SQL: SELECT COUNT(*) AS tp_count FROM `message` WHERE `book_id` = 13 LIMIT 1   [ RunTime:0.0001s ]
SQL: SELECT `user_name`,`user_cookie`,`user_photo`,`user_phone`,`user_integral`,`user_grade`,`user_sys`,`user_time`,`user_password` FROM `user` WHERE `user_id` = 1 LIMIT 1   [ RunTime:0.0000s ]
SQL: SELECT COUNT(*) AS tp_count FROM `message` WHERE `book_id` = 14 LIMIT 1   [ RunTime:0.0001s ]
SQL: SELECT `user_name`,`user_cookie`,`user_photo`,`user_phone`,`user_integral`,`user_grade`,`user_sys`,`user_time`,`user_password` FROM `user` WHERE `user_id` = 5 LIMIT 1   [ RunTime:0.0001s ]
SQL: SELECT COUNT(*) AS tp_count FROM `message` WHERE `book_id` = 18 LIMIT 1   [ RunTime:0.0000s ]
SQL: SELECT COUNT(*) AS tp_count FROM `message` LIMIT 1   [ RunTime:0.0000s ]
SQL: SELECT * FROM `message` LIMIT 7,13   [ RunTime:0.0001s ]
SQL: SELECT `user_name`,`user_photo` FROM `user` WHERE `user_id` = 1 LIMIT 1   [ RunTime:0.0002s ]
SQL: SELECT `user_name`,`user_photo` FROM `user` WHERE `user_id` = 4 LIMIT 1   [ RunTime:0.0000s ]
SQL: SELECT `user_name`,`user_photo` FROM `user` WHERE `user_id` = 5 LIMIT 1   [ RunTime:0.0000s ]
INFO: [ view_parse ] --START--
INFO: [ template_filter ] --START--
INFO: Run Behavior\ContentReplaceBehavior [ RunTime:0.000067s ]
INFO: [ template_filter ] --END-- [ RunTime:0.000129s ]
INFO: Run Behavior\ParseTemplateBehavior [ RunTime:0.006364s ]
INFO: [ view_parse ] --END-- [ RunTime:0.006420s ]
INFO: [ view_filter ] --START--
INFO: Run Behavior\WriteHtmlCacheBehavior [ RunTime:0.000064s ]
INFO: [ view_filter ] --END-- [ RunTime:0.000093s ]
INFO: [ app_end ] --START--
INFO: Run Behavior\ShowPageTraceBehavior [ RunTime:0.000042s ]
INFO: [ app_end ] --END-- [ RunTime:0.000075s ]

[ 2017-04-19T19:27:22+08:00 ] 14.23.185.207 /bookstore/admin.php/Index/index
INFO: [ app_init ] --START--
INFO: Run Behavior\BuildLiteBehavior [ RunTime:0.000013s ]
INFO: [ app_init ] --END-- [ RunTime:0.000093s ]
INFO: [ app_begin ] --START--
INFO: Run Behavior\ReadHtmlCacheBehavior [ RunTime:0.000038s ]
INFO: [ app_begin ] --END-- [ RunTime:0.000075s ]
SQL: SHOW COLUMNS FROM `book` [ RunTime:0.0006s ]
SQL: SELECT COUNT(*) AS tp_count FROM `book` WHERE `book_isdel` = 0 AND `book_state` = 0 LIMIT 1   [ RunTime:0.0001s ]
SQL: SELECT * FROM `book` WHERE `book_isdel` = 0 AND `book_state` = 0 LIMIT 1,13   [ RunTime:0.0001s ]
SQL: SHOW COLUMNS FROM `user` [ RunTime:0.0004s ]
SQL: SELECT `user_name`,`user_cookie`,`user_photo`,`user_phone`,`user_integral`,`user_grade`,`user_sys`,`user_time`,`user_password` FROM `user` WHERE `user_id` = 2 LIMIT 1   [ RunTime:0.0001s ]
SQL: SHOW COLUMNS FROM `message` [ RunTime:0.0003s ]
SQL: SELECT COUNT(*) AS tp_count FROM `message` WHERE `book_id` = 2 LIMIT 1   [ RunTime:0.0000s ]
SQL: SELECT `user_name`,`user_cookie`,`user_photo`,`user_phone`,`user_integral`,`user_grade`,`user_sys`,`user_time`,`user_password` FROM `user` WHERE `user_id` = 2 LIMIT 1   [ RunTime:0.0000s ]
SQL: SELECT COUNT(*) AS tp_count FROM `message` WHERE `book_id` = 3 LIMIT 1   [ RunTime:0.0000s ]
SQL: SELECT `user_name`,`user_cookie`,`user_photo`,`user_phone`,`user_integral`,`user_grade`,`user_sys`,`user_time`,`user_password` FROM `user` WHERE `user_id` = 2 LIMIT 1   [ RunTime:0.0000s ]
SQL: SELECT COUNT(*) AS tp_count FROM `message` WHERE `book_id` = 4 LIMIT 1   [ RunTime:0.0000s ]
SQL: SELECT `user_name`,`user_cookie`,`user_photo`,`user_phone`,`user_integral`,`user_grade`,`user_sys`,`user_time`,`user_password` FROM `user` WHERE `user_id` = 2 LIMIT 1   [ RunTime:0.0000s ]
SQL: SELECT COUNT(*) AS tp_count FROM `message` WHERE `book_id` = 5 LIMIT 1   [ RunTime:0.0000s ]
SQL: SELECT `user_name`,`user_cookie`,`user_photo`,`user_phone`,`user_integral`,`user_grade`,`user_sys`,`user_time`,`user_password` FROM `user` WHERE `user_id` = 2 LIMIT 1   [ RunTime:0.0000s ]
SQL: SELECT COUNT(*) AS tp_count FROM `message` WHERE `book_id` = 6 LIMIT 1   [ RunTime:0.0000s ]
SQL: SELECT `user_name`,`user_cookie`,`user_photo`,`user_phone`,`user_integral`,`user_grade`,`user_sys`,`user_time`,`user_password` FROM `user` WHERE `user_id` = 2 LIMIT 1   [ RunTime:0.0000s ]
SQL: SELECT COUNT(*) AS tp_count FROM `message` WHERE `book_id` = 7 LIMIT 1   [ RunTime:0.0000s ]
SQL: SELECT `user_name`,`user_cookie`,`user_photo`,`user_phone`,`user_integral`,`user_grade`,`user_sys`,`user_time`,`user_password` FROM `user` WHERE `user_id` = 2 LIMIT 1   [ RunTime:0.0000s ]
SQL: SELECT COUNT(*) AS tp_count FROM `message` WHERE `book_id` = 8 LIMIT 1   [ RunTime:0.0000s ]
SQL: SELECT `user_name`,`user_cookie`,`user_photo`,`user_phone`,`user_integral`,`user_grade`,`user_sys`,`user_time`,`user_password` FROM `user` WHERE `user_id` = 2 LIMIT 1   [ RunTime:0.0000s ]
SQL: SELECT COUNT(*) AS tp_count FROM `message` WHERE `book_id` = 9 LIMIT 1   [ RunTime:0.0000s ]
SQL: SELECT `user_name`,`user_cookie`,`user_photo`,`user_phone`,`user_integral`,`user_grade`,`user_sys`,`user_time`,`user_password` FROM `user` WHERE `user_id` = 1 LIMIT 1   [ RunTime:0.0000s ]
SQL: SELECT COUNT(*) AS tp_count FROM `message` WHERE `book_id` = 10 LIMIT 1   [ RunTime:0.0000s ]
SQL: SELECT `user_name`,`user_cookie`,`user_photo`,`user_phone`,`user_integral`,`user_grade`,`user_sys`,`user_time`,`user_password` FROM `user` WHERE `user_id` = 1 LIMIT 1   [ RunTime:0.0001s ]
SQL: SELECT COUNT(*) AS tp_count FROM `message` WHERE `book_id` = 13 LIMIT 1   [ RunTime:0.0000s ]
SQL: SELECT `user_name`,`user_cookie`,`user_photo`,`user_phone`,`user_integral`,`user_grade`,`user_sys`,`user_time`,`user_password` FROM `user` WHERE `user_id` = 1 LIMIT 1   [ RunTime:0.0000s ]
SQL: SELECT COUNT(*) AS tp_count FROM `message` WHERE `book_id` = 14 LIMIT 1   [ RunTime:0.0000s ]
SQL: SELECT `user_name`,`user_cookie`,`user_photo`,`user_phone`,`user_integral`,`user_grade`,`user_sys`,`user_time`,`user_password` FROM `user` WHERE `user_id` = 5 LIMIT 1   [ RunTime:0.0000s ]
SQL: SELECT COUNT(*) AS tp_count FROM `message` WHERE `book_id` = 18 LIMIT 1   [ RunTime:0.0000s ]
SQL: SELECT COUNT(*) AS tp_count FROM `message` LIMIT 1   [ RunTime:0.0000s ]
SQL: SELECT * FROM `message` LIMIT 7,13   [ RunTime:0.0000s ]
SQL: SELECT `user_name`,`user_photo` FROM `user` WHERE `user_id` = 1 LIMIT 1   [ RunTime:0.0000s ]
SQL: SELECT `user_name`,`user_photo` FROM `user` WHERE `user_id` = 4 LIMIT 1   [ RunTime:0.0000s ]
SQL: SELECT `user_name`,`user_photo` FROM `user` WHERE `user_id` = 5 LIMIT 1   [ RunTime:0.0000s ]
INFO: [ view_parse ] --START--
INFO: [ template_filter ] --START--
INFO: Run Behavior\ContentReplaceBehavior [ RunTime:0.000066s ]
INFO: [ template_filter ] --END-- [ RunTime:0.000134s ]
INFO: Run Behavior\ParseTemplateBehavior [ RunTime:0.006640s ]
INFO: [ view_parse ] --END-- [ RunTime:0.006684s ]
INFO: [ view_filter ] --START--
INFO: Run Behavior\WriteHtmlCacheBehavior [ RunTime:0.000055s ]
INFO: [ view_filter ] --END-- [ RunTime:0.000083s ]
INFO: [ app_end ] --START--
INFO: Run Behavior\ShowPageTraceBehavior [ RunTime:0.000046s ]
INFO: [ app_end ] --END-- [ RunTime:0.000082s ]

[ 2017-04-19T19:28:03+08:00 ] 14.23.185.207 /bookstore/admin.php/Index/login
INFO: [ app_init ] --START--
INFO: Run Behavior\BuildLiteBehavior [ RunTime:0.000015s ]
INFO: [ app_init ] --END-- [ RunTime:0.000111s ]
INFO: [ app_begin ] --START--
INFO: Run Behavior\ReadHtmlCacheBehavior [ RunTime:0.000039s ]
INFO: [ app_begin ] --END-- [ RunTime:0.000076s ]
INFO: [ view_parse ] --START--
INFO: [ template_filter ] --START--
INFO: Run Behavior\ContentReplaceBehavior [ RunTime:0.000045s ]
INFO: [ template_filter ] --END-- [ RunTime:0.000085s ]
INFO: Run Behavior\ParseTemplateBehavior [ RunTime:0.001997s ]
INFO: [ view_parse ] --END-- [ RunTime:0.002036s ]
INFO: [ view_filter ] --START--
INFO: Run Behavior\WriteHtmlCacheBehavior [ RunTime:0.000040s ]
INFO: [ view_filter ] --END-- [ RunTime:0.000067s ]
INFO: [ app_end ] --START--
INFO: Run Behavior\ShowPageTraceBehavior [ RunTime:0.000037s ]
INFO: [ app_end ] --END-- [ RunTime:0.000066s ]

[ 2017-04-19T19:28:18+08:00 ] 14.23.185.207 /bookstore/admin.php/Index/register
INFO: [ app_init ] --START--
INFO: Run Behavior\BuildLiteBehavior [ RunTime:0.000014s ]
INFO: [ app_init ] --END-- [ RunTime:0.000098s ]
INFO: [ app_begin ] --START--
INFO: Run Behavior\ReadHtmlCacheBehavior [ RunTime:0.000037s ]
INFO: [ app_begin ] --END-- [ RunTime:0.000070s ]
ERR: 非法操作:register

[ 2017-04-19T19:28:24+08:00 ] 14.23.185.207 /bookstore/admin.php/Index/regster
INFO: [ app_init ] --START--
INFO: Run Behavior\BuildLiteBehavior [ RunTime:0.000013s ]
INFO: [ app_init ] --END-- [ RunTime:0.000093s ]
INFO: [ app_begin ] --START--
INFO: Run Behavior\ReadHtmlCacheBehavior [ RunTime:0.000042s ]
INFO: [ app_begin ] --END-- [ RunTime:0.000079s ]
ERR: 非法操作:regster

[ 2017-04-19T19:28:28+08:00 ] 14.23.185.207 /bookstore/admin.php/Index/register
INFO: [ app_init ] --START--
INFO: Run Behavior\BuildLiteBehavior [ RunTime:0.000012s ]
INFO: [ app_init ] --END-- [ RunTime:0.000081s ]
INFO: [ app_begin ] --START--
INFO: Run Behavior\ReadHtmlCacheBehavior [ RunTime:0.000038s ]
INFO: [ app_begin ] --END-- [ RunTime:0.000075s ]
ERR: 非法操作:register

[ 2017-04-19T19:28:35+08:00 ] 14.23.185.207 /bookstore/admin.php/Index/shopcontent.html?book_id=4
INFO: [ app_init ] --START--
INFO: Run Behavior\BuildLiteBehavior [ RunTime:0.000010s ]
INFO: [ app_init ] --END-- [ RunTime:0.000083s ]
INFO: [ app_begin ] --START--
INFO: Run Behavior\ReadHtmlCacheBehavior [ RunTime:0.000033s ]
INFO: [ app_begin ] --END-- [ RunTime:0.000065s ]
INFO: [ view_parse ] --START--
INFO: [ template_filter ] --START--
INFO: Run Behavior\ContentReplaceBehavior [ RunTime:0.000050s ]
INFO: [ template_filter ] --END-- [ RunTime:0.000084s ]
INFO: Run Behavior\ParseTemplateBehavior [ RunTime:0.003138s ]
INFO: [ view_parse ] --END-- [ RunTime:0.003182s ]
INFO: [ view_filter ] --START--
INFO: Run Behavior\WriteHtmlCacheBehavior [ RunTime:0.000042s ]
INFO: [ view_filter ] --END-- [ RunTime:0.000071s ]
INFO: [ app_end ] --START--
INFO: Run Behavior\ShowPageTraceBehavior [ RunTime:0.000045s ]
INFO: [ app_end ] --END-- [ RunTime:0.000086s ]

[ 2017-04-19T19:29:26+08:00 ] 14.23.185.207 /bookstore/admin.php/Index/index
INFO: [ app_init ] --START--
INFO: Run Behavior\BuildLiteBehavior [ RunTime:0.000010s ]
INFO: [ app_init ] --END-- [ RunTime:0.000065s ]
INFO: [ app_begin ] --START--
INFO: Run Behavior\ReadHtmlCacheBehavior [ RunTime:0.000029s ]
INFO: [ app_begin ] --END-- [ RunTime:0.000054s ]
SQL: SHOW COLUMNS FROM `book` [ RunTime:0.0004s ]
SQL: SELECT COUNT(*) AS tp_count FROM `book` WHERE `book_isdel` = 0 AND `book_state` = 0 LIMIT 1   [ RunTime:0.0001s ]
SQL: SELECT * FROM `book` WHERE `book_isdel` = 0 AND `book_state` = 0 LIMIT 1,13   [ RunTime:0.0001s ]
SQL: SHOW COLUMNS FROM `user` [ RunTime:0.0003s ]
SQL: SELECT `user_name`,`user_cookie`,`user_photo`,`user_phone`,`user_integral`,`user_grade`,`user_sys`,`user_time`,`user_password` FROM `user` WHERE `user_id` = 2 LIMIT 1   [ RunTime:0.0001s ]
SQL: SHOW COLUMNS FROM `message` [ RunTime:0.0003s ]
SQL: SELECT COUNT(*) AS tp_count FROM `message` WHERE `book_id` = 2 LIMIT 1   [ RunTime:0.0000s ]
SQL: SELECT `user_name`,`user_cookie`,`user_photo`,`user_phone`,`user_integral`,`user_grade`,`user_sys`,`user_time`,`user_password` FROM `user` WHERE `user_id` = 2 LIMIT 1   [ RunTime:0.0000s ]
SQL: SELECT COUNT(*) AS tp_count FROM `message` WHERE `book_id` = 3 LIMIT 1   [ RunTime:0.0000s ]
SQL: SELECT `user_name`,`user_cookie`,`user_photo`,`user_phone`,`user_integral`,`user_grade`,`user_sys`,`user_time`,`user_password` FROM `user` WHERE `user_id` = 2 LIMIT 1   [ RunTime:0.0000s ]
SQL: SELECT COUNT(*) AS tp_count FROM `message` WHERE `book_id` = 4 LIMIT 1   [ RunTime:0.0000s ]
SQL: SELECT `user_name`,`user_cookie`,`user_photo`,`user_phone`,`user_integral`,`user_grade`,`user_sys`,`user_time`,`user_password` FROM `user` WHERE `user_id` = 2 LIMIT 1   [ RunTime:0.0000s ]
SQL: SELECT COUNT(*) AS tp_count FROM `message` WHERE `book_id` = 5 LIMIT 1   [ RunTime:0.0000s ]
SQL: SELECT `user_name`,`user_cookie`,`user_photo`,`user_phone`,`user_integral`,`user_grade`,`user_sys`,`user_time`,`user_password` FROM `user` WHERE `user_id` = 2 LIMIT 1   [ RunTime:0.0000s ]
SQL: SELECT COUNT(*) AS tp_count FROM `message` WHERE `book_id` = 6 LIMIT 1   [ RunTime:0.0000s ]
SQL: SELECT `user_name`,`user_cookie`,`user_photo`,`user_phone`,`user_integral`,`user_grade`,`user_sys`,`user_time`,`user_password` FROM `user` WHERE `user_id` = 2 LIMIT 1   [ RunTime:0.0000s ]
SQL: SELECT COUNT(*) AS tp_count FROM `message` WHERE `book_id` = 7 LIMIT 1   [ RunTime:0.0000s ]
SQL: SELECT `user_name`,`user_cookie`,`user_photo`,`user_phone`,`user_integral`,`user_grade`,`user_sys`,`user_time`,`user_password` FROM `user` WHERE `user_id` = 2 LIMIT 1   [ RunTime:0.0000s ]
SQL: SELECT COUNT(*) AS tp_count FROM `message` WHERE `book_id` = 8 LIMIT 1   [ RunTime:0.0000s ]
SQL: SELECT `user_name`,`user_cookie`,`user_photo`,`user_phone`,`user_integral`,`user_grade`,`user_sys`,`user_time`,`user_password` FROM `user` WHERE `user_id` = 2 LIMIT 1   [ RunTime:0.0000s ]
SQL: SELECT COUNT(*) AS tp_count FROM `message` WHERE `book_id` = 9 LIMIT 1   [ RunTime:0.0000s ]
SQL: SELECT `user_name`,`user_cookie`,`user_photo`,`user_phone`,`user_integral`,`user_grade`,`user_sys`,`user_time`,`user_password` FROM `user` WHERE `user_id` = 1 LIMIT 1   [ RunTime:0.0000s ]
SQL: SELECT COUNT(*) AS tp_count FROM `message` WHERE `book_id` = 10 LIMIT 1   [ RunTime:0.0000s ]
SQL: SELECT `user_name`,`user_cookie`,`user_photo`,`user_phone`,`user_integral`,`user_grade`,`user_sys`,`user_time`,`user_password` FROM `user` WHERE `user_id` = 1 LIMIT 1   [ RunTime:0.0000s ]
SQL: SELECT COUNT(*) AS tp_count FROM `message` WHERE `book_id` = 13 LIMIT 1   [ RunTime:0.0000s ]
SQL: SELECT `user_name`,`user_cookie`,`user_photo`,`user_phone`,`user_integral`,`user_grade`,`user_sys`,`user_time`,`user_password` FROM `user` WHERE `user_id` = 1 LIMIT 1   [ RunTime:0.0000s ]
SQL: SELECT COUNT(*) AS tp_count FROM `message` WHERE `book_id` = 14 LIMIT 1   [ RunTime:0.0000s ]
SQL: SELECT `user_name`,`user_cookie`,`user_photo`,`user_phone`,`user_integral`,`user_grade`,`user_sys`,`user_time`,`user_password` FROM `user` WHERE `user_id` = 5 LIMIT 1   [ RunTime:0.0000s ]
SQL: SELECT COUNT(*) AS tp_count FROM `message` WHERE `book_id` = 18 LIMIT 1   [ RunTime:0.0000s ]
SQL: SELECT COUNT(*) AS tp_count FROM `message` LIMIT 1   [ RunTime:0.0000s ]
SQL: SELECT * FROM `message` LIMIT 7,13   [ RunTime:0.0000s ]
SQL: SELECT `user_name`,`user_photo` FROM `user` WHERE `user_id` = 1 LIMIT 1   [ RunTime:0.0000s ]
SQL: SELECT `user_name`,`user_photo` FROM `user` WHERE `user_id` = 4 LIMIT 1   [ RunTime:0.0000s ]
SQL: SELECT `user_name`,`user_photo` FROM `user` WHERE `user_id` = 5 LIMIT 1   [ RunTime:0.0000s ]
INFO: [ view_parse ] --START--
INFO: [ template_filter ] --START--
INFO: Run Behavior\ContentReplaceBehavior [ RunTime:0.000056s ]
INFO: [ template_filter ] --END-- [ RunTime:0.000101s ]
INFO: Run Behavior\ParseTemplateBehavior [ RunTime:0.004073s ]
INFO: [ view_parse ] --END-- [ RunTime:0.004110s ]
INFO: [ view_filter ] --START--
INFO: Run Behavior\WriteHtmlCacheBehavior [ RunTime:0.000110s ]
INFO: [ view_filter ] --END-- [ RunTime:0.000137s ]
INFO: [ app_end ] --START--
INFO: Run Behavior\ShowPageTraceBehavior [ RunTime:0.000034s ]
INFO: [ app_end ] --END-- [ RunTime:0.000102s ]

[ 2017-04-19T19:29:30+08:00 ] 14.23.185.207 /bookstore/admin.php/Index/index
INFO: [ app_init ] --START--
INFO: Run Behavior\BuildLiteBehavior [ RunTime:0.000020s ]
INFO: [ app_init ] --END-- [ RunTime:0.000095s ]
INFO: [ app_begin ] --START--
INFO: Run Behavior\ReadHtmlCacheBehavior [ RunTime:0.000046s ]
INFO: [ app_begin ] --END-- [ RunTime:0.000245s ]
SQL: SHOW COLUMNS FROM `book` [ RunTime:0.0006s ]
SQL: SELECT COUNT(*) AS tp_count FROM `book` WHERE `book_isdel` = 0 AND `book_state` = 0 LIMIT 1   [ RunTime:0.0001s ]
SQL: SELECT * FROM `book` WHERE `book_isdel` = 0 AND `book_state` = 0 LIMIT 1,13   [ RunTime:0.0001s ]
SQL: SHOW COLUMNS FROM `user` [ RunTime:0.0005s ]
SQL: SELECT `user_name`,`user_cookie`,`user_photo`,`user_phone`,`user_integral`,`user_grade`,`user_sys`,`user_time`,`user_password` FROM `user` WHERE `user_id` = 2 LIMIT 1   [ RunTime:0.0001s ]
SQL: SHOW COLUMNS FROM `message` [ RunTime:0.0007s ]
SQL: SELECT COUNT(*) AS tp_count FROM `message` WHERE `book_id` = 2 LIMIT 1   [ RunTime:0.0001s ]
SQL: SELECT `user_name`,`user_cookie`,`user_photo`,`user_phone`,`user_integral`,`user_grade`,`user_sys`,`user_time`,`user_password` FROM `user` WHERE `user_id` = 2 LIMIT 1   [ RunTime:0.0001s ]
SQL: SELECT COUNT(*) AS tp_count FROM `message` WHERE `book_id` = 3 LIMIT 1   [ RunTime:0.0000s ]
SQL: SELECT `user_name`,`user_cookie`,`user_photo`,`user_phone`,`user_integral`,`user_grade`,`user_sys`,`user_time`,`user_password` FROM `user` WHERE `user_id` = 2 LIMIT 1   [ RunTime:0.0001s ]
SQL: SELECT COUNT(*) AS tp_count FROM `message` WHERE `book_id` = 4 LIMIT 1   [ RunTime:0.0001s ]
SQL: SELECT `user_name`,`user_cookie`,`user_photo`,`user_phone`,`user_integral`,`user_grade`,`user_sys`,`user_time`,`user_password` FROM `user` WHERE `user_id` = 2 LIMIT 1   [ RunTime:0.0000s ]
SQL: SELECT COUNT(*) AS tp_count FROM `message` WHERE `book_id` = 5 LIMIT 1   [ RunTime:0.0000s ]
SQL: SELECT `user_name`,`user_cookie`,`user_photo`,`user_phone`,`user_integral`,`user_grade`,`user_sys`,`user_time`,`user_password` FROM `user` WHERE `user_id` = 2 LIMIT 1   [ RunTime:0.0001s ]
SQL: SELECT COUNT(*) AS tp_count FROM `message` WHERE `book_id` = 6 LIMIT 1   [ RunTime:0.0000s ]
SQL: SELECT `user_name`,`user_cookie`,`user_photo`,`user_phone`,`user_integral`,`user_grade`,`user_sys`,`user_time`,`user_password` FROM `user` WHERE `user_id` = 2 LIMIT 1   [ RunTime:0.0000s ]
SQL: SELECT COUNT(*) AS tp_count FROM `message` WHERE `book_id` = 7 LIMIT 1   [ RunTime:0.0000s ]
SQL: SELECT `user_name`,`user_cookie`,`user_photo`,`user_phone`,`user_integral`,`user_grade`,`user_sys`,`user_time`,`user_password` FROM `user` WHERE `user_id` = 2 LIMIT 1   [ RunTime:0.0001s ]
SQL: SELECT COUNT(*) AS tp_count FROM `message` WHERE `book_id` = 8 LIMIT 1   [ RunTime:0.0000s ]
SQL: SELECT `user_name`,`user_cookie`,`user_photo`,`user_phone`,`user_integral`,`user_grade`,`user_sys`,`user_time`,`user_password` FROM `user` WHERE `user_id` = 2 LIMIT 1   [ RunTime:0.0001s ]
SQL: SELECT COUNT(*) AS tp_count FROM `message` WHERE `book_id` = 9 LIMIT 1   [ RunTime:0.0000s ]
SQL: SELECT `user_name`,`user_cookie`,`user_photo`,`user_phone`,`user_integral`,`user_grade`,`user_sys`,`user_time`,`user_password` FROM `user` WHERE `user_id` = 1 LIMIT 1   [ RunTime:0.0001s ]
SQL: SELECT COUNT(*) AS tp_count FROM `message` WHERE `book_id` = 10 LIMIT 1   [ RunTime:0.0000s ]
SQL: SELECT `user_name`,`user_cookie`,`user_photo`,`user_phone`,`user_integral`,`user_grade`,`user_sys`,`user_time`,`user_password` FROM `user` WHERE `user_id` = 1 LIMIT 1   [ RunTime:0.0000s ]
SQL: SELECT COUNT(*) AS tp_count FROM `message` WHERE `book_id` = 13 LIMIT 1   [ RunTime:0.0000s ]
SQL: SELECT `user_name`,`user_cookie`,`user_photo`,`user_phone`,`user_integral`,`user_grade`,`user_sys`,`user_time`,`user_password` FROM `user` WHERE `user_id` = 1 LIMIT 1   [ RunTime:0.0001s ]
SQL: SELECT COUNT(*) AS tp_count FROM `message` WHERE `book_id` = 14 LIMIT 1   [ RunTime:0.0000s ]
SQL: SELECT `user_name`,`user_cookie`,`user_photo`,`user_phone`,`user_integral`,`user_grade`,`user_sys`,`user_time`,`user_password` FROM `user` WHERE `user_id` = 5 LIMIT 1   [ RunTime:0.0000s ]
SQL: SELECT COUNT(*) AS tp_count FROM `message` WHERE `book_id` = 18 LIMIT 1   [ RunTime:0.0000s ]
SQL: SELECT COUNT(*) AS tp_count FROM `message` LIMIT 1   [ RunTime:0.0001s ]
SQL: SELECT * FROM `message` LIMIT 7,13   [ RunTime:0.0000s ]
SQL: SELECT `user_name`,`user_photo` FROM `user` WHERE `user_id` = 1 LIMIT 1   [ RunTime:0.0000s ]
SQL: SELECT `user_name`,`user_photo` FROM `user` WHERE `user_id` = 4 LIMIT 1   [ RunTime:0.0000s ]
SQL: SELECT `user_name`,`user_photo` FROM `user` WHERE `user_id` = 5 LIMIT 1   [ RunTime:0.0001s ]
INFO: [ view_parse ] --START--
INFO: [ template_filter ] --START--
INFO: Run Behavior\ContentReplaceBehavior [ RunTime:0.000064s ]
INFO: [ template_filter ] --END-- [ RunTime:0.000120s ]
INFO: Run Behavior\ParseTemplateBehavior [ RunTime:0.006504s ]
INFO: [ view_parse ] --END-- [ RunTime:0.006547s ]
INFO: [ view_filter ] --START--
INFO: Run Behavior\WriteHtmlCacheBehavior [ RunTime:0.000053s ]
INFO: [ view_filter ] --END-- [ RunTime:0.000081s ]
INFO: [ app_end ] --START--
INFO: Run Behavior\ShowPageTraceBehavior [ RunTime:0.000044s ]
INFO: [ app_end ] --END-- [ RunTime:0.000080s ]

[ 2017-04-19T23:23:52+08:00 ] 112.90.82.218 /bookstore/admin.php/Index/register
INFO: [ app_init ] --START--
INFO: Run Behavior\BuildLiteBehavior [ RunTime:0.000009s ]
INFO: [ app_init ] --END-- [ RunTime:0.000073s ]
INFO: [ app_begin ] --START--
INFO: Run Behavior\ReadHtmlCacheBehavior [ RunTime:0.000037s ]
INFO: [ app_begin ] --END-- [ RunTime:0.000070s ]
ERR: 非法操作:register

[ 2017-04-19T23:23:52+08:00 ] 119.147.207.158 /bookstore/admin.php/Index/index
INFO: [ app_init ] --START--
INFO: Run Behavior\BuildLiteBehavior [ RunTime:0.000012s ]
INFO: [ app_init ] --END-- [ RunTime:0.000080s ]
INFO: [ app_begin ] --START--
INFO: Run Behavior\ReadHtmlCacheBehavior [ RunTime:0.000025s ]
INFO: [ app_begin ] --END-- [ RunTime:0.000052s ]
SQL: SHOW COLUMNS FROM `book` [ RunTime:0.0006s ]
SQL: SELECT COUNT(*) AS tp_count FROM `book` WHERE `book_isdel` = 0 AND `book_state` = 0 LIMIT 1   [ RunTime:0.0001s ]
SQL: SELECT * FROM `book` WHERE `book_isdel` = 0 AND `book_state` = 0 LIMIT 1,13   [ RunTime:0.0001s ]
SQL: SHOW COLUMNS FROM `user` [ RunTime:0.0004s ]
SQL: SELECT `user_name`,`user_cookie`,`user_photo`,`user_phone`,`user_integral`,`user_grade`,`user_sys`,`user_time`,`user_password` FROM `user` WHERE `user_id` = 2 LIMIT 1   [ RunTime:0.0001s ]
SQL: SHOW COLUMNS FROM `message` [ RunTime:0.0003s ]
SQL: SELECT COUNT(*) AS tp_count FROM `message` WHERE `book_id` = 2 LIMIT 1   [ RunTime:0.0001s ]
SQL: SELECT `user_name`,`user_cookie`,`user_photo`,`user_phone`,`user_integral`,`user_grade`,`user_sys`,`user_time`,`user_password` FROM `user` WHERE `user_id` = 2 LIMIT 1   [ RunTime:0.0001s ]
SQL: SELECT COUNT(*) AS tp_count FROM `message` WHERE `book_id` = 3 LIMIT 1   [ RunTime:0.0000s ]
SQL: SELECT `user_name`,`user_cookie`,`user_photo`,`user_phone`,`user_integral`,`user_grade`,`user_sys`,`user_time`,`user_password` FROM `user` WHERE `user_id` = 2 LIMIT 1   [ RunTime:0.0000s ]
SQL: SELECT COUNT(*) AS tp_count FROM `message` WHERE `book_id` = 4 LIMIT 1   [ RunTime:0.0001s ]
SQL: SELECT `user_name`,`user_cookie`,`user_photo`,`user_phone`,`user_integral`,`user_grade`,`user_sys`,`user_time`,`user_password` FROM `user` WHERE `user_id` = 2 LIMIT 1   [ RunTime:0.0001s ]
SQL: SELECT COUNT(*) AS tp_count FROM `message` WHERE `book_id` = 5 LIMIT 1   [ RunTime:0.0000s ]
SQL: SELECT `user_name`,`user_cookie`,`user_photo`,`user_phone`,`user_integral`,`user_grade`,`user_sys`,`user_time`,`user_password` FROM `user` WHERE `user_id` = 2 LIMIT 1   [ RunTime:0.0001s ]
SQL: SELECT COUNT(*) AS tp_count FROM `message` WHERE `book_id` = 6 LIMIT 1   [ RunTime:0.0000s ]
SQL: SELECT `user_name`,`user_cookie`,`user_photo`,`user_phone`,`user_integral`,`user_grade`,`user_sys`,`user_time`,`user_password` FROM `user` WHERE `user_id` = 2 LIMIT 1   [ RunTime:0.0000s ]
SQL: SELECT COUNT(*) AS tp_count FROM `message` WHERE `book_id` = 7 LIMIT 1   [ RunTime:0.0000s ]
SQL: SELECT `user_name`,`user_cookie`,`user_photo`,`user_phone`,`user_integral`,`user_grade`,`user_sys`,`user_time`,`user_password` FROM `user` WHERE `user_id` = 2 LIMIT 1   [ RunTime:0.0000s ]
SQL: SELECT COUNT(*) AS tp_count FROM `message` WHERE `book_id` = 8 LIMIT 1   [ RunTime:0.0000s ]
SQL: SELECT `user_name`,`user_cookie`,`user_photo`,`user_phone`,`user_integral`,`user_grade`,`user_sys`,`user_time`,`user_password` FROM `user` WHERE `user_id` = 2 LIMIT 1   [ RunTime:0.0000s ]
SQL: SELECT COUNT(*) AS tp_count FROM `message` WHERE `book_id` = 9 LIMIT 1   [ RunTime:0.0000s ]
SQL: SELECT `user_name`,`user_cookie`,`user_photo`,`user_phone`,`user_integral`,`user_grade`,`user_sys`,`user_time`,`user_password` FROM `user` WHERE `user_id` = 1 LIMIT 1   [ RunTime:0.0000s ]
SQL: SELECT COUNT(*) AS tp_count FROM `message` WHERE `book_id` = 10 LIMIT 1   [ RunTime:0.0000s ]
SQL: SELECT `user_name`,`user_cookie`,`user_photo`,`user_phone`,`user_integral`,`user_grade`,`user_sys`,`user_time`,`user_password` FROM `user` WHERE `user_id` = 1 LIMIT 1   [ RunTime:0.0000s ]
SQL: SELECT COUNT(*) AS tp_count FROM `message` WHERE `book_id` = 13 LIMIT 1   [ RunTime:0.0000s ]
SQL: SELECT `user_name`,`user_cookie`,`user_photo`,`user_phone`,`user_integral`,`user_grade`,`user_sys`,`user_time`,`user_password` FROM `user` WHERE `user_id` = 1 LIMIT 1   [ RunTime:0.0001s ]
SQL: SELECT COUNT(*) AS tp_count FROM `message` WHERE `book_id` = 14 LIMIT 1   [ RunTime:0.0001s ]
SQL: SELECT `user_name`,`user_cookie`,`user_photo`,`user_phone`,`user_integral`,`user_grade`,`user_sys`,`user_time`,`user_password` FROM `user` WHERE `user_id` = 5 LIMIT 1   [ RunTime:0.0001s ]
SQL: SELECT COUNT(*) AS tp_count FROM `message` WHERE `book_id` = 18 LIMIT 1   [ RunTime:0.0001s ]
SQL: SELECT COUNT(*) AS tp_count FROM `message` LIMIT 1   [ RunTime:0.0000s ]
SQL: SELECT * FROM `message` LIMIT 7,13   [ RunTime:0.0001s ]
SQL: SELECT `user_name`,`user_photo` FROM `user` WHERE `user_id` = 1 LIMIT 1   [ RunTime:0.0003s ]
SQL: SELECT `user_name`,`user_photo` FROM `user` WHERE `user_id` = 4 LIMIT 1   [ RunTime:0.0001s ]
SQL: SELECT `user_name`,`user_photo` FROM `user` WHERE `user_id` = 5 LIMIT 1   [ RunTime:0.0001s ]
INFO: [ view_parse ] --START--
INFO: [ template_filter ] --START--
INFO: Run Behavior\ContentReplaceBehavior [ RunTime:0.000060s ]
INFO: [ template_filter ] --END-- [ RunTime:0.000117s ]
INFO: Run Behavior\ParseTemplateBehavior [ RunTime:0.005135s ]
INFO: [ view_parse ] --END-- [ RunTime:0.005186s ]
INFO: [ view_filter ] --START--
INFO: Run Behavior\WriteHtmlCacheBehavior [ RunTime:0.000051s ]
INFO: [ view_filter ] --END-- [ RunTime:0.000078s ]
INFO: [ app_end ] --START--
INFO: Run Behavior\ShowPageTraceBehavior [ RunTime:0.000048s ]
INFO: [ app_end ] --END-- [ RunTime:0.000089s ]

