[ 2017-05-18T11:38:55+08:00 ] 14.23.185.89 /bookstore/admin.php
INFO: [ app_init ] --START--
INFO: Run Behavior\BuildLiteBehavior [ RunTime:0.000013s ]
INFO: [ app_init ] --END-- [ RunTime:0.000098s ]
INFO: [ app_begin ] --START--
INFO: Run Behavior\ReadHtmlCacheBehavior [ RunTime:0.000071s ]
INFO: [ app_begin ] --END-- [ RunTime:0.000140s ]

[ 2017-05-18T11:38:55+08:00 ] 14.23.185.89 /bookstore/admin.php/Login/index.html
INFO: [ app_init ] --START--
INFO: Run Behavior\BuildLiteBehavior [ RunTime:0.000009s ]
INFO: [ app_init ] --END-- [ RunTime:0.000084s ]
INFO: [ app_begin ] --START--
INFO: Run Behavior\ReadHtmlCacheBehavior [ RunTime:0.000032s ]
INFO: [ app_begin ] --END-- [ RunTime:0.000068s ]
INFO: [ view_parse ] --START--
INFO: [ template_filter ] --START--
INFO: Run Behavior\ContentReplaceBehavior [ RunTime:0.000054s ]
INFO: [ template_filter ] --END-- [ RunTime:0.000124s ]
INFO: Run Behavior\ParseTemplateBehavior [ RunTime:0.015799s ]
INFO: [ view_parse ] --END-- [ RunTime:0.015886s ]
INFO: [ view_filter ] --START--
INFO: Run Behavior\WriteHtmlCacheBehavior [ RunTime:0.000071s ]
INFO: [ view_filter ] --END-- [ RunTime:0.000108s ]
INFO: [ app_end ] --START--
INFO: Run Behavior\ShowPageTraceBehavior [ RunTime:0.000045s ]
INFO: [ app_end ] --END-- [ RunTime:0.000083s ]

[ 2017-05-18T11:39:11+08:00 ] 14.23.185.89 /bookstore/admin.php/Login/index.html
INFO: [ app_init ] --START--
INFO: Run Behavior\BuildLiteBehavior [ RunTime:0.000024s ]
INFO: [ app_init ] --END-- [ RunTime:0.000115s ]
INFO: [ app_begin ] --START--
INFO: Run Behavior\ReadHtmlCacheBehavior [ RunTime:0.000048s ]
INFO: [ app_begin ] --END-- [ RunTime:0.000086s ]
SQL: SHOW COLUMNS FROM `user` [ RunTime:0.0004s ]
SQL: SELECT * FROM `user` WHERE `user_phone` = '13217554571' AND `user_password` = '202cb962ac59075b964b07152d234b70' LIMIT 1   [ RunTime:0.0002s ]
INFO: [ app_end ] --START--
INFO: Run Behavior\ShowPageTraceBehavior [ RunTime:0.000048s ]
INFO: [ app_end ] --END-- [ RunTime:0.000072s ]

[ 2017-05-18T11:39:19+08:00 ] 14.23.185.89 /bookstore/admin.php/Login/index.html
INFO: [ app_init ] --START--
INFO: Run Behavior\BuildLiteBehavior [ RunTime:0.000012s ]
INFO: [ app_init ] --END-- [ RunTime:0.000125s ]
INFO: [ app_begin ] --START--
INFO: Run Behavior\ReadHtmlCacheBehavior [ RunTime:0.000039s ]
INFO: [ app_begin ] --END-- [ RunTime:0.000070s ]
SQL: SHOW COLUMNS FROM `user` [ RunTime:0.0004s ]
SQL: SELECT * FROM `user` WHERE `user_phone` = '13217554571' AND `user_password` = 'a0a080f42e6f13b3a2df133f073095dd' LIMIT 1   [ RunTime:0.0481s ]
SQL: UPDATE `user` SET `user_cookie`='eba15c27768b4560dc39f347c4a05bc6' WHERE `user_id` = 1 [ RunTime:0.0379s ]
INFO: [ app_end ] --START--
INFO: Run Behavior\ShowPageTraceBehavior [ RunTime:0.000090s ]
INFO: [ app_end ] --END-- [ RunTime:0.000129s ]

[ 2017-05-18T11:39:20+08:00 ] 14.23.185.89 /bookstore/admin.php/Index/index.html
INFO: [ app_init ] --START--
INFO: Run Behavior\BuildLiteBehavior [ RunTime:0.000011s ]
INFO: [ app_init ] --END-- [ RunTime:0.000070s ]
INFO: [ app_begin ] --START--
INFO: Run Behavior\ReadHtmlCacheBehavior [ RunTime:0.000025s ]
INFO: [ app_begin ] --END-- [ RunTime:0.000051s ]
SQL: SHOW COLUMNS FROM `book` [ RunTime:0.0005s ]
SQL: SELECT COUNT(*) AS tp_count FROM `book` WHERE `book_isdel` = 0 AND `book_state` = 0 LIMIT 1   [ RunTime:0.0001s ]
SQL: SELECT * FROM `book` WHERE `book_isdel` = 0 AND `book_state` = 0  [ RunTime:0.0000s ]
SQL: SHOW COLUMNS FROM `user` [ RunTime:0.0003s ]
SQL: SELECT `user_name`,`user_cookie`,`user_photo`,`user_phone`,`user_integral`,`user_grade`,`user_sys`,`user_time`,`user_password` FROM `user` WHERE `user_id` = 3 LIMIT 1   [ RunTime:0.0182s ]
SQL: SHOW COLUMNS FROM `message` [ RunTime:0.0004s ]
SQL: SELECT COUNT(*) AS tp_count FROM `message` WHERE `book_id` = 29 LIMIT 1   [ RunTime:0.0001s ]
SQL: SELECT `user_name`,`user_cookie`,`user_photo`,`user_phone`,`user_integral`,`user_grade`,`user_sys`,`user_time`,`user_password` FROM `user` WHERE `user_id` = 5 LIMIT 1   [ RunTime:0.0002s ]
SQL: SELECT COUNT(*) AS tp_count FROM `message` WHERE `book_id` = 33 LIMIT 1   [ RunTime:0.0001s ]
SQL: SELECT `user_name`,`user_cookie`,`user_photo`,`user_phone`,`user_integral`,`user_grade`,`user_sys`,`user_time`,`user_password` FROM `user` WHERE `user_id` = 1 LIMIT 1   [ RunTime:0.0002s ]
SQL: SELECT COUNT(*) AS tp_count FROM `message` WHERE `book_id` = 34 LIMIT 1   [ RunTime:0.0001s ]
SQL: SELECT COUNT(*) AS tp_count FROM `message` LIMIT 1   [ RunTime:0.0420s ]
ERR: 1064:You have an error in your SQL syntax; check the manual that corresponds to your MySQL server version for the right syntax to use near '-3,3' at line 1
 [ SQL语句 ] : SELECT * FROM `message` LIMIT -3,3  
ERR: 1064:You have an error in your SQL syntax; check the manual that corresponds to your MySQL server version for the right syntax to use near '-3,3' at line 1
 [ SQL语句 ] : SELECT * FROM `message` LIMIT -3,3  

[ 2017-05-18T11:39:36+08:00 ] 14.23.185.89 /bookstore/admin.php/Index/index.html
INFO: [ app_init ] --START--
INFO: Run Behavior\BuildLiteBehavior [ RunTime:0.000013s ]
INFO: [ app_init ] --END-- [ RunTime:0.000090s ]
INFO: [ app_begin ] --START--
INFO: Run Behavior\ReadHtmlCacheBehavior [ RunTime:0.000046s ]
INFO: [ app_begin ] --END-- [ RunTime:0.000077s ]
SQL: SHOW COLUMNS FROM `book` [ RunTime:0.0006s ]
SQL: SELECT COUNT(*) AS tp_count FROM `book` WHERE `book_isdel` = 0 AND `book_state` = 0 LIMIT 1   [ RunTime:0.0001s ]
SQL: SELECT * FROM `book` WHERE `book_isdel` = 0 AND `book_state` = 0  [ RunTime:0.0001s ]
SQL: SHOW COLUMNS FROM `user` [ RunTime:0.0003s ]
SQL: SELECT `user_name`,`user_cookie`,`user_photo`,`user_phone`,`user_integral`,`user_grade`,`user_sys`,`user_time`,`user_password` FROM `user` WHERE `user_id` = 3 LIMIT 1   [ RunTime:0.0000s ]
SQL: SHOW COLUMNS FROM `message` [ RunTime:0.0003s ]
SQL: SELECT COUNT(*) AS tp_count FROM `message` WHERE `book_id` = 29 LIMIT 1   [ RunTime:0.0000s ]
SQL: SELECT `user_name`,`user_cookie`,`user_photo`,`user_phone`,`user_integral`,`user_grade`,`user_sys`,`user_time`,`user_password` FROM `user` WHERE `user_id` = 5 LIMIT 1   [ RunTime:0.0000s ]
SQL: SELECT COUNT(*) AS tp_count FROM `message` WHERE `book_id` = 33 LIMIT 1   [ RunTime:0.0000s ]
SQL: SELECT `user_name`,`user_cookie`,`user_photo`,`user_phone`,`user_integral`,`user_grade`,`user_sys`,`user_time`,`user_password` FROM `user` WHERE `user_id` = 1 LIMIT 1   [ RunTime:0.0000s ]
SQL: SELECT COUNT(*) AS tp_count FROM `message` WHERE `book_id` = 34 LIMIT 1   [ RunTime:0.0001s ]
SQL: SELECT COUNT(*) AS tp_count FROM `message` LIMIT 1   [ RunTime:0.0000s ]
ERR: 1064:You have an error in your SQL syntax; check the manual that corresponds to your MySQL server version for the right syntax to use near '-3,3' at line 1
 [ SQL语句 ] : SELECT * FROM `message` LIMIT -3,3  
ERR: 1064:You have an error in your SQL syntax; check the manual that corresponds to your MySQL server version for the right syntax to use near '-3,3' at line 1
 [ SQL语句 ] : SELECT * FROM `message` LIMIT -3,3  

[ 2017-05-18T11:40:26+08:00 ] 14.23.185.89 /bookstore/admin.php/Index/index.html
INFO: [ app_init ] --START--
INFO: Run Behavior\BuildLiteBehavior [ RunTime:0.000015s ]
INFO: [ app_init ] --END-- [ RunTime:0.000077s ]
INFO: [ app_begin ] --START--
INFO: Run Behavior\ReadHtmlCacheBehavior [ RunTime:0.000028s ]
INFO: [ app_begin ] --END-- [ RunTime:0.000052s ]
SQL: SHOW COLUMNS FROM `book` [ RunTime:0.0005s ]
SQL: SELECT COUNT(*) AS tp_count FROM `book` WHERE `book_isdel` = 0 AND `book_state` = 0 LIMIT 1   [ RunTime:0.0001s ]
SQL: SELECT * FROM `book` WHERE `book_isdel` = 0 AND `book_state` = 0  [ RunTime:0.0000s ]
SQL: SHOW COLUMNS FROM `user` [ RunTime:0.0003s ]
SQL: SELECT `user_name`,`user_cookie`,`user_photo`,`user_phone`,`user_integral`,`user_grade`,`user_sys`,`user_time`,`user_password` FROM `user` WHERE `user_id` = 3 LIMIT 1   [ RunTime:0.0000s ]
SQL: SHOW COLUMNS FROM `message` [ RunTime:0.0003s ]
SQL: SELECT COUNT(*) AS tp_count FROM `message` WHERE `book_id` = 29 LIMIT 1   [ RunTime:0.0000s ]
SQL: SELECT `user_name`,`user_cookie`,`user_photo`,`user_phone`,`user_integral`,`user_grade`,`user_sys`,`user_time`,`user_password` FROM `user` WHERE `user_id` = 5 LIMIT 1   [ RunTime:0.0001s ]
SQL: SELECT COUNT(*) AS tp_count FROM `message` WHERE `book_id` = 33 LIMIT 1   [ RunTime:0.0000s ]
SQL: SELECT `user_name`,`user_cookie`,`user_photo`,`user_phone`,`user_integral`,`user_grade`,`user_sys`,`user_time`,`user_password` FROM `user` WHERE `user_id` = 1 LIMIT 1   [ RunTime:0.0000s ]
SQL: SELECT COUNT(*) AS tp_count FROM `message` WHERE `book_id` = 34 LIMIT 1   [ RunTime:0.0000s ]
SQL: SELECT COUNT(*) AS tp_count FROM `message` LIMIT 1   [ RunTime:0.0000s ]
ERR: 1064:You have an error in your SQL syntax; check the manual that corresponds to your MySQL server version for the right syntax to use near '-3,3' at line 1
 [ SQL语句 ] : SELECT * FROM `message` LIMIT -3,3  
ERR: 1064:You have an error in your SQL syntax; check the manual that corresponds to your MySQL server version for the right syntax to use near '-3,3' at line 1
 [ SQL语句 ] : SELECT * FROM `message` LIMIT -3,3  

[ 2017-05-18T11:42:10+08:00 ] 14.23.185.89 /bookstore/admin.php/Index/index.html
INFO: [ app_init ] --START--
INFO: Run Behavior\BuildLiteBehavior [ RunTime:0.000013s ]
INFO: [ app_init ] --END-- [ RunTime:0.000087s ]
INFO: [ app_begin ] --START--
INFO: Run Behavior\ReadHtmlCacheBehavior [ RunTime:0.000037s ]
INFO: [ app_begin ] --END-- [ RunTime:0.000072s ]
SQL: SHOW COLUMNS FROM `book` [ RunTime:0.0006s ]
SQL: SELECT COUNT(*) AS tp_count FROM `book` WHERE `book_isdel` = 0 AND `book_state` = 0 LIMIT 1   [ RunTime:0.0001s ]
SQL: SELECT * FROM `book` WHERE `book_isdel` = 0 AND `book_state` = 0  [ RunTime:0.0001s ]
SQL: SHOW COLUMNS FROM `user` [ RunTime:0.0004s ]
SQL: SELECT `user_name`,`user_cookie`,`user_photo`,`user_phone`,`user_integral`,`user_grade`,`user_sys`,`user_time`,`user_password` FROM `user` WHERE `user_id` = 3 LIMIT 1   [ RunTime:0.0001s ]
SQL: SHOW COLUMNS FROM `message` [ RunTime:0.0004s ]
SQL: SELECT COUNT(*) AS tp_count FROM `message` WHERE `book_id` = 29 LIMIT 1   [ RunTime:0.0000s ]
SQL: SELECT `user_name`,`user_cookie`,`user_photo`,`user_phone`,`user_integral`,`user_grade`,`user_sys`,`user_time`,`user_password` FROM `user` WHERE `user_id` = 5 LIMIT 1   [ RunTime:0.0000s ]
SQL: SELECT COUNT(*) AS tp_count FROM `message` WHERE `book_id` = 33 LIMIT 1   [ RunTime:0.0000s ]
SQL: SELECT `user_name`,`user_cookie`,`user_photo`,`user_phone`,`user_integral`,`user_grade`,`user_sys`,`user_time`,`user_password` FROM `user` WHERE `user_id` = 1 LIMIT 1   [ RunTime:0.0000s ]
SQL: SELECT COUNT(*) AS tp_count FROM `message` WHERE `book_id` = 34 LIMIT 1   [ RunTime:0.0000s ]
SQL: SELECT COUNT(*) AS tp_count FROM `message` LIMIT 1   [ RunTime:0.0000s ]
ERR: 1064:You have an error in your SQL syntax; check the manual that corresponds to your MySQL server version for the right syntax to use near '-3,3' at line 1
 [ SQL语句 ] : SELECT * FROM `message` LIMIT -3,3  
ERR: 1064:You have an error in your SQL syntax; check the manual that corresponds to your MySQL server version for the right syntax to use near '-3,3' at line 1
 [ SQL语句 ] : SELECT * FROM `message` LIMIT -3,3  

[ 2017-05-18T11:42:11+08:00 ] 14.23.185.89 /bookstore/admin.php/Login/index.html
INFO: [ app_init ] --START--
INFO: Run Behavior\BuildLiteBehavior [ RunTime:0.000014s ]
INFO: [ app_init ] --END-- [ RunTime:0.000094s ]
INFO: [ app_begin ] --START--
INFO: Run Behavior\ReadHtmlCacheBehavior [ RunTime:0.000040s ]
INFO: [ app_begin ] --END-- [ RunTime:0.000083s ]
INFO: [ view_parse ] --START--
INFO: [ template_filter ] --START--
INFO: Run Behavior\ContentReplaceBehavior [ RunTime:0.000051s ]
INFO: [ template_filter ] --END-- [ RunTime:0.000105s ]
INFO: Run Behavior\ParseTemplateBehavior [ RunTime:0.002695s ]
INFO: [ view_parse ] --END-- [ RunTime:0.002738s ]
INFO: [ view_filter ] --START--
INFO: Run Behavior\WriteHtmlCacheBehavior [ RunTime:0.000053s ]
INFO: [ view_filter ] --END-- [ RunTime:0.000085s ]
INFO: [ app_end ] --START--
INFO: Run Behavior\ShowPageTraceBehavior [ RunTime:0.000052s ]
INFO: [ app_end ] --END-- [ RunTime:0.000090s ]

[ 2017-05-18T11:42:17+08:00 ] 14.23.185.89 /bookstore/admin.php/Login/index.html
INFO: [ app_init ] --START--
INFO: Run Behavior\BuildLiteBehavior [ RunTime:0.000013s ]
INFO: [ app_init ] --END-- [ RunTime:0.000092s ]
INFO: [ app_begin ] --START--
INFO: Run Behavior\ReadHtmlCacheBehavior [ RunTime:0.000037s ]
INFO: [ app_begin ] --END-- [ RunTime:0.000075s ]
SQL: SHOW COLUMNS FROM `user` [ RunTime:0.0005s ]
SQL: SELECT * FROM `user` WHERE `user_phone` = '13217554571' AND `user_password` = 'a0a080f42e6f13b3a2df133f073095dd' LIMIT 1   [ RunTime:0.0002s ]
SQL: UPDATE `user` SET `user_cookie`='5a11069e5e8d0f71d342b4d706649a81' WHERE `user_id` = 1 [ RunTime:0.0131s ]
INFO: [ app_end ] --START--
INFO: Run Behavior\ShowPageTraceBehavior [ RunTime:0.000057s ]
INFO: [ app_end ] --END-- [ RunTime:0.000089s ]

[ 2017-05-18T11:42:18+08:00 ] 14.23.185.89 /bookstore/admin.php/Index/index.html
INFO: [ app_init ] --START--
INFO: Run Behavior\BuildLiteBehavior [ RunTime:0.000013s ]
INFO: [ app_init ] --END-- [ RunTime:0.000097s ]
INFO: [ app_begin ] --START--
INFO: Run Behavior\ReadHtmlCacheBehavior [ RunTime:0.000038s ]
INFO: [ app_begin ] --END-- [ RunTime:0.000078s ]
SQL: SHOW COLUMNS FROM `book` [ RunTime:0.0007s ]
SQL: SELECT COUNT(*) AS tp_count FROM `book` WHERE `book_isdel` = 0 AND `book_state` = 0 LIMIT 1   [ RunTime:0.0001s ]
SQL: SELECT * FROM `book` WHERE `book_isdel` = 0 AND `book_state` = 0  [ RunTime:0.0001s ]
SQL: SHOW COLUMNS FROM `user` [ RunTime:0.0005s ]
SQL: SELECT `user_name`,`user_cookie`,`user_photo`,`user_phone`,`user_integral`,`user_grade`,`user_sys`,`user_time`,`user_password` FROM `user` WHERE `user_id` = 3 LIMIT 1   [ RunTime:0.0002s ]
SQL: SHOW COLUMNS FROM `message` [ RunTime:0.0005s ]
SQL: SELECT COUNT(*) AS tp_count FROM `message` WHERE `book_id` = 29 LIMIT 1   [ RunTime:0.0001s ]
SQL: SELECT `user_name`,`user_cookie`,`user_photo`,`user_phone`,`user_integral`,`user_grade`,`user_sys`,`user_time`,`user_password` FROM `user` WHERE `user_id` = 5 LIMIT 1   [ RunTime:0.0002s ]
SQL: SELECT COUNT(*) AS tp_count FROM `message` WHERE `book_id` = 33 LIMIT 1   [ RunTime:0.0001s ]
SQL: SELECT `user_name`,`user_cookie`,`user_photo`,`user_phone`,`user_integral`,`user_grade`,`user_sys`,`user_time`,`user_password` FROM `user` WHERE `user_id` = 1 LIMIT 1   [ RunTime:0.0002s ]
SQL: SELECT COUNT(*) AS tp_count FROM `message` WHERE `book_id` = 34 LIMIT 1   [ RunTime:0.0001s ]
SQL: SELECT COUNT(*) AS tp_count FROM `message` LIMIT 1   [ RunTime:0.0000s ]
ERR: 1064:You have an error in your SQL syntax; check the manual that corresponds to your MySQL server version for the right syntax to use near '-3,3' at line 1
 [ SQL语句 ] : SELECT * FROM `message` LIMIT -3,3  
ERR: 1064:You have an error in your SQL syntax; check the manual that corresponds to your MySQL server version for the right syntax to use near '-3,3' at line 1
 [ SQL语句 ] : SELECT * FROM `message` LIMIT -3,3  

[ 2017-05-18T11:42:22+08:00 ] 14.23.185.89 /bookstore/admin.php/Login/index.html
INFO: [ app_init ] --START--
INFO: Run Behavior\BuildLiteBehavior [ RunTime:0.000013s ]
INFO: [ app_init ] --END-- [ RunTime:0.000098s ]
INFO: [ app_begin ] --START--
INFO: Run Behavior\ReadHtmlCacheBehavior [ RunTime:0.000039s ]
INFO: [ app_begin ] --END-- [ RunTime:0.000077s ]
INFO: [ view_parse ] --START--
INFO: [ template_filter ] --START--
INFO: Run Behavior\ContentReplaceBehavior [ RunTime:0.000047s ]
INFO: [ template_filter ] --END-- [ RunTime:0.000096s ]
INFO: Run Behavior\ParseTemplateBehavior [ RunTime:0.006720s ]
INFO: [ view_parse ] --END-- [ RunTime:0.006761s ]
INFO: [ view_filter ] --START--
INFO: Run Behavior\WriteHtmlCacheBehavior [ RunTime:0.000041s ]
INFO: [ view_filter ] --END-- [ RunTime:0.000060s ]
INFO: [ app_end ] --START--
INFO: Run Behavior\ShowPageTraceBehavior [ RunTime:0.000032s ]
INFO: [ app_end ] --END-- [ RunTime:0.000054s ]

[ 2017-05-18T11:42:36+08:00 ] 14.23.185.89 /bookstore/admin.php/Login/index.html
INFO: [ app_init ] --START--
INFO: Run Behavior\BuildLiteBehavior [ RunTime:0.000015s ]
INFO: [ app_init ] --END-- [ RunTime:0.000112s ]
INFO: [ app_begin ] --START--
INFO: Run Behavior\ReadHtmlCacheBehavior [ RunTime:0.000054s ]
INFO: [ app_begin ] --END-- [ RunTime:0.000091s ]
SQL: SHOW COLUMNS FROM `user` [ RunTime:0.0007s ]
SQL: SELECT * FROM `user` WHERE `user_phone` = '13217554571' AND `user_password` = 'a0a080f42e6f13b3a2df133f073095dd' LIMIT 1   [ RunTime:0.0002s ]
SQL: UPDATE `user` SET `user_cookie`='e7b127674e9292a45e64b0caaab9e15b' WHERE `user_id` = 1 [ RunTime:0.0141s ]
INFO: [ app_end ] --START--
INFO: Run Behavior\ShowPageTraceBehavior [ RunTime:0.000091s ]
INFO: [ app_end ] --END-- [ RunTime:0.000127s ]

[ 2017-05-18T11:42:37+08:00 ] 14.23.185.89 /bookstore/admin.php/Index/index.html
INFO: [ app_init ] --START--
INFO: Run Behavior\BuildLiteBehavior [ RunTime:0.000014s ]
INFO: [ app_init ] --END-- [ RunTime:0.000095s ]
INFO: [ app_begin ] --START--
INFO: Run Behavior\ReadHtmlCacheBehavior [ RunTime:0.000037s ]
INFO: [ app_begin ] --END-- [ RunTime:0.000076s ]
SQL: SHOW COLUMNS FROM `book` [ RunTime:0.0006s ]
SQL: SELECT COUNT(*) AS tp_count FROM `book` WHERE `book_isdel` = 0 AND `book_state` = 0 LIMIT 1   [ RunTime:0.0001s ]
SQL: SELECT * FROM `book` WHERE `book_isdel` = 0 AND `book_state` = 0  [ RunTime:0.0001s ]
SQL: SHOW COLUMNS FROM `user` [ RunTime:0.0004s ]
SQL: SELECT `user_name`,`user_cookie`,`user_photo`,`user_phone`,`user_integral`,`user_grade`,`user_sys`,`user_time`,`user_password` FROM `user` WHERE `user_id` = 3 LIMIT 1   [ RunTime:0.0003s ]
SQL: SHOW COLUMNS FROM `message` [ RunTime:0.0005s ]
SQL: SELECT COUNT(*) AS tp_count FROM `message` WHERE `book_id` = 29 LIMIT 1   [ RunTime:0.0001s ]
SQL: SELECT `user_name`,`user_cookie`,`user_photo`,`user_phone`,`user_integral`,`user_grade`,`user_sys`,`user_time`,`user_password` FROM `user` WHERE `user_id` = 5 LIMIT 1   [ RunTime:0.0002s ]
SQL: SELECT COUNT(*) AS tp_count FROM `message` WHERE `book_id` = 33 LIMIT 1   [ RunTime:0.0001s ]
SQL: SELECT `user_name`,`user_cookie`,`user_photo`,`user_phone`,`user_integral`,`user_grade`,`user_sys`,`user_time`,`user_password` FROM `user` WHERE `user_id` = 1 LIMIT 1   [ RunTime:0.0002s ]
SQL: SELECT COUNT(*) AS tp_count FROM `message` WHERE `book_id` = 34 LIMIT 1   [ RunTime:0.0001s ]
SQL: SELECT COUNT(*) AS tp_count FROM `message` LIMIT 1   [ RunTime:0.0001s ]
ERR: 1064:You have an error in your SQL syntax; check the manual that corresponds to your MySQL server version for the right syntax to use near '-3,3' at line 1
 [ SQL语句 ] : SELECT * FROM `message` LIMIT -3,3  
ERR: 1064:You have an error in your SQL syntax; check the manual that corresponds to your MySQL server version for the right syntax to use near '-3,3' at line 1
 [ SQL语句 ] : SELECT * FROM `message` LIMIT -3,3  

[ 2017-05-18T11:47:09+08:00 ] 14.23.185.89 /bookstore/admin.php/Index/index.html
INFO: [ app_init ] --START--
INFO: Run Behavior\BuildLiteBehavior [ RunTime:0.000014s ]
INFO: [ app_init ] --END-- [ RunTime:0.000104s ]
INFO: [ app_begin ] --START--
INFO: Run Behavior\ReadHtmlCacheBehavior [ RunTime:0.000045s ]
INFO: [ app_begin ] --END-- [ RunTime:0.000114s ]
SQL: SHOW COLUMNS FROM `book` [ RunTime:0.0006s ]
SQL: SELECT COUNT(*) AS tp_count FROM `book` WHERE `book_isdel` = 0 AND `book_state` = 0 LIMIT 1   [ RunTime:0.0001s ]
SQL: SELECT * FROM `book` WHERE `book_isdel` = 0 AND `book_state` = 0  [ RunTime:0.0001s ]
SQL: SHOW COLUMNS FROM `user` [ RunTime:0.0005s ]
SQL: SELECT `user_name`,`user_cookie`,`user_photo`,`user_phone`,`user_integral`,`user_grade`,`user_sys`,`user_time`,`user_password` FROM `user` WHERE `user_id` = 3 LIMIT 1   [ RunTime:0.0001s ]
SQL: SHOW COLUMNS FROM `message` [ RunTime:0.0004s ]
SQL: SELECT COUNT(*) AS tp_count FROM `message` WHERE `book_id` = 29 LIMIT 1   [ RunTime:0.0001s ]
SQL: SELECT `user_name`,`user_cookie`,`user_photo`,`user_phone`,`user_integral`,`user_grade`,`user_sys`,`user_time`,`user_password` FROM `user` WHERE `user_id` = 5 LIMIT 1   [ RunTime:0.0001s ]
SQL: SELECT COUNT(*) AS tp_count FROM `message` WHERE `book_id` = 33 LIMIT 1   [ RunTime:0.0001s ]
SQL: SELECT `user_name`,`user_cookie`,`user_photo`,`user_phone`,`user_integral`,`user_grade`,`user_sys`,`user_time`,`user_password` FROM `user` WHERE `user_id` = 1 LIMIT 1   [ RunTime:0.0001s ]
SQL: SELECT COUNT(*) AS tp_count FROM `message` WHERE `book_id` = 34 LIMIT 1   [ RunTime:0.0001s ]
SQL: SELECT COUNT(*) AS tp_count FROM `message` LIMIT 1   [ RunTime:0.0002s ]
ERR: 1064:You have an error in your SQL syntax; check the manual that corresponds to your MySQL server version for the right syntax to use near '-3,3' at line 1
 [ SQL语句 ] : SELECT * FROM `message` LIMIT -3,3  
ERR: 1064:You have an error in your SQL syntax; check the manual that corresponds to your MySQL server version for the right syntax to use near '-3,3' at line 1
 [ SQL语句 ] : SELECT * FROM `message` LIMIT -3,3  

[ 2017-05-18T11:47:09+08:00 ] 14.23.185.89 /bookstore/admin.php/Index/index.html
INFO: [ app_init ] --START--
INFO: Run Behavior\BuildLiteBehavior [ RunTime:0.000013s ]
INFO: [ app_init ] --END-- [ RunTime:0.000082s ]
INFO: [ app_begin ] --START--
INFO: Run Behavior\ReadHtmlCacheBehavior [ RunTime:0.000034s ]
INFO: [ app_begin ] --END-- [ RunTime:0.000071s ]
SQL: SHOW COLUMNS FROM `book` [ RunTime:0.0006s ]
SQL: SELECT COUNT(*) AS tp_count FROM `book` WHERE `book_isdel` = 0 AND `book_state` = 0 LIMIT 1   [ RunTime:0.0001s ]
SQL: SELECT * FROM `book` WHERE `book_isdel` = 0 AND `book_state` = 0  [ RunTime:0.0001s ]
SQL: SHOW COLUMNS FROM `user` [ RunTime:0.0004s ]
SQL: SELECT `user_name`,`user_cookie`,`user_photo`,`user_phone`,`user_integral`,`user_grade`,`user_sys`,`user_time`,`user_password` FROM `user` WHERE `user_id` = 3 LIMIT 1   [ RunTime:0.0001s ]
SQL: SHOW COLUMNS FROM `message` [ RunTime:0.0004s ]
SQL: SELECT COUNT(*) AS tp_count FROM `message` WHERE `book_id` = 29 LIMIT 1   [ RunTime:0.0001s ]
SQL: SELECT `user_name`,`user_cookie`,`user_photo`,`user_phone`,`user_integral`,`user_grade`,`user_sys`,`user_time`,`user_password` FROM `user` WHERE `user_id` = 5 LIMIT 1   [ RunTime:0.0001s ]
SQL: SELECT COUNT(*) AS tp_count FROM `message` WHERE `book_id` = 33 LIMIT 1   [ RunTime:0.0000s ]
SQL: SELECT `user_name`,`user_cookie`,`user_photo`,`user_phone`,`user_integral`,`user_grade`,`user_sys`,`user_time`,`user_password` FROM `user` WHERE `user_id` = 1 LIMIT 1   [ RunTime:0.0001s ]
SQL: SELECT COUNT(*) AS tp_count FROM `message` WHERE `book_id` = 34 LIMIT 1   [ RunTime:0.0001s ]
SQL: SELECT COUNT(*) AS tp_count FROM `message` LIMIT 1   [ RunTime:0.0000s ]
ERR: 1064:You have an error in your SQL syntax; check the manual that corresponds to your MySQL server version for the right syntax to use near '-3,3' at line 1
 [ SQL语句 ] : SELECT * FROM `message` LIMIT -3,3  
ERR: 1064:You have an error in your SQL syntax; check the manual that corresponds to your MySQL server version for the right syntax to use near '-3,3' at line 1
 [ SQL语句 ] : SELECT * FROM `message` LIMIT -3,3  

[ 2017-05-18T11:47:10+08:00 ] 14.23.185.89 /bookstore/admin.php/Index/index.html
INFO: [ app_init ] --START--
INFO: Run Behavior\BuildLiteBehavior [ RunTime:0.000009s ]
INFO: [ app_init ] --END-- [ RunTime:0.000058s ]
INFO: [ app_begin ] --START--
INFO: Run Behavior\ReadHtmlCacheBehavior [ RunTime:0.000023s ]
INFO: [ app_begin ] --END-- [ RunTime:0.000049s ]
SQL: SHOW COLUMNS FROM `book` [ RunTime:0.0005s ]
SQL: SELECT COUNT(*) AS tp_count FROM `book` WHERE `book_isdel` = 0 AND `book_state` = 0 LIMIT 1   [ RunTime:0.0001s ]
SQL: SELECT * FROM `book` WHERE `book_isdel` = 0 AND `book_state` = 0  [ RunTime:0.0000s ]
SQL: SHOW COLUMNS FROM `user` [ RunTime:0.0003s ]
SQL: SELECT `user_name`,`user_cookie`,`user_photo`,`user_phone`,`user_integral`,`user_grade`,`user_sys`,`user_time`,`user_password` FROM `user` WHERE `user_id` = 3 LIMIT 1   [ RunTime:0.0000s ]
SQL: SHOW COLUMNS FROM `message` [ RunTime:0.0003s ]
SQL: SELECT COUNT(*) AS tp_count FROM `message` WHERE `book_id` = 29 LIMIT 1   [ RunTime:0.0000s ]
SQL: SELECT `user_name`,`user_cookie`,`user_photo`,`user_phone`,`user_integral`,`user_grade`,`user_sys`,`user_time`,`user_password` FROM `user` WHERE `user_id` = 5 LIMIT 1   [ RunTime:0.0000s ]
SQL: SELECT COUNT(*) AS tp_count FROM `message` WHERE `book_id` = 33 LIMIT 1   [ RunTime:0.0000s ]
SQL: SELECT `user_name`,`user_cookie`,`user_photo`,`user_phone`,`user_integral`,`user_grade`,`user_sys`,`user_time`,`user_password` FROM `user` WHERE `user_id` = 1 LIMIT 1   [ RunTime:0.0000s ]
SQL: SELECT COUNT(*) AS tp_count FROM `message` WHERE `book_id` = 34 LIMIT 1   [ RunTime:0.0000s ]
SQL: SELECT COUNT(*) AS tp_count FROM `message` LIMIT 1   [ RunTime:0.0000s ]
ERR: 1064:You have an error in your SQL syntax; check the manual that corresponds to your MySQL server version for the right syntax to use near '-3,3' at line 1
 [ SQL语句 ] : SELECT * FROM `message` LIMIT -3,3  
ERR: 1064:You have an error in your SQL syntax; check the manual that corresponds to your MySQL server version for the right syntax to use near '-3,3' at line 1
 [ SQL语句 ] : SELECT * FROM `message` LIMIT -3,3  

[ 2017-05-18T11:47:11+08:00 ] 14.23.185.89 /bookstore/admin.php/Login/index.html
INFO: [ app_init ] --START--
INFO: Run Behavior\BuildLiteBehavior [ RunTime:0.000022s ]
INFO: [ app_init ] --END-- [ RunTime:0.000096s ]
INFO: [ app_begin ] --START--
INFO: Run Behavior\ReadHtmlCacheBehavior [ RunTime:0.000032s ]
INFO: [ app_begin ] --END-- [ RunTime:0.000066s ]
INFO: [ view_parse ] --START--
INFO: [ template_filter ] --START--
INFO: Run Behavior\ContentReplaceBehavior [ RunTime:0.000052s ]
INFO: [ template_filter ] --END-- [ RunTime:0.000105s ]
INFO: Run Behavior\ParseTemplateBehavior [ RunTime:0.002197s ]
INFO: [ view_parse ] --END-- [ RunTime:0.002237s ]
INFO: [ view_filter ] --START--
INFO: Run Behavior\WriteHtmlCacheBehavior [ RunTime:0.000040s ]
INFO: [ view_filter ] --END-- [ RunTime:0.000065s ]
INFO: [ app_end ] --START--
INFO: Run Behavior\ShowPageTraceBehavior [ RunTime:0.000033s ]
INFO: [ app_end ] --END-- [ RunTime:0.000067s ]

[ 2017-05-18T11:47:13+08:00 ] 14.23.185.89 /bookstore/admin.php/Login/index.html
INFO: [ app_init ] --START--
INFO: Run Behavior\BuildLiteBehavior [ RunTime:0.000017s ]
INFO: [ app_init ] --END-- [ RunTime:0.000094s ]
INFO: [ app_begin ] --START--
INFO: Run Behavior\ReadHtmlCacheBehavior [ RunTime:0.000025s ]
INFO: [ app_begin ] --END-- [ RunTime:0.000048s ]
SQL: SHOW COLUMNS FROM `user` [ RunTime:0.0005s ]
SQL: SELECT * FROM `user` WHERE `user_phone` = '13217554571' AND `user_password` = 'a0a080f42e6f13b3a2df133f073095dd' LIMIT 1   [ RunTime:0.0002s ]
SQL: UPDATE `user` SET `user_cookie`='afc2caab0ad2e51a45827d191e39245b' WHERE `user_id` = 1 [ RunTime:0.0164s ]
INFO: [ app_end ] --START--
INFO: Run Behavior\ShowPageTraceBehavior [ RunTime:0.000076s ]
INFO: [ app_end ] --END-- [ RunTime:0.000123s ]

[ 2017-05-18T11:47:14+08:00 ] 14.23.185.89 /bookstore/admin.php/Index/index.html
INFO: [ app_init ] --START--
INFO: Run Behavior\BuildLiteBehavior [ RunTime:0.000013s ]
INFO: [ app_init ] --END-- [ RunTime:0.000085s ]
INFO: [ app_begin ] --START--
INFO: Run Behavior\ReadHtmlCacheBehavior [ RunTime:0.000036s ]
INFO: [ app_begin ] --END-- [ RunTime:0.000073s ]
SQL: SHOW COLUMNS FROM `book` [ RunTime:0.0007s ]
SQL: SELECT COUNT(*) AS tp_count FROM `book` WHERE `book_isdel` = 0 AND `book_state` = 0 LIMIT 1   [ RunTime:0.0001s ]
SQL: SELECT * FROM `book` WHERE `book_isdel` = 0 AND `book_state` = 0  [ RunTime:0.0001s ]
SQL: SHOW COLUMNS FROM `user` [ RunTime:0.0004s ]
SQL: SELECT `user_name`,`user_cookie`,`user_photo`,`user_phone`,`user_integral`,`user_grade`,`user_sys`,`user_time`,`user_password` FROM `user` WHERE `user_id` = 3 LIMIT 1   [ RunTime:0.0002s ]
SQL: SHOW COLUMNS FROM `message` [ RunTime:0.0004s ]
SQL: SELECT COUNT(*) AS tp_count FROM `message` WHERE `book_id` = 29 LIMIT 1   [ RunTime:0.0001s ]
SQL: SELECT `user_name`,`user_cookie`,`user_photo`,`user_phone`,`user_integral`,`user_grade`,`user_sys`,`user_time`,`user_password` FROM `user` WHERE `user_id` = 5 LIMIT 1   [ RunTime:0.0002s ]
SQL: SELECT COUNT(*) AS tp_count FROM `message` WHERE `book_id` = 33 LIMIT 1   [ RunTime:0.0001s ]
SQL: SELECT `user_name`,`user_cookie`,`user_photo`,`user_phone`,`user_integral`,`user_grade`,`user_sys`,`user_time`,`user_password` FROM `user` WHERE `user_id` = 1 LIMIT 1   [ RunTime:0.0001s ]
SQL: SELECT COUNT(*) AS tp_count FROM `message` WHERE `book_id` = 34 LIMIT 1   [ RunTime:0.0001s ]
SQL: SELECT COUNT(*) AS tp_count FROM `message` LIMIT 1   [ RunTime:0.0000s ]
ERR: 1064:You have an error in your SQL syntax; check the manual that corresponds to your MySQL server version for the right syntax to use near '-3,3' at line 1
 [ SQL语句 ] : SELECT * FROM `message` LIMIT -3,3  
ERR: 1064:You have an error in your SQL syntax; check the manual that corresponds to your MySQL server version for the right syntax to use near '-3,3' at line 1
 [ SQL语句 ] : SELECT * FROM `message` LIMIT -3,3  

[ 2017-05-18T11:48:53+08:00 ] 14.23.185.89 /bookstore/admin.php/Index/index.html
INFO: [ app_init ] --START--
INFO: Run Behavior\BuildLiteBehavior [ RunTime:0.000015s ]
INFO: [ app_init ] --END-- [ RunTime:0.000125s ]
INFO: [ app_begin ] --START--
INFO: Run Behavior\ReadHtmlCacheBehavior [ RunTime:0.000044s ]
INFO: [ app_begin ] --END-- [ RunTime:0.000093s ]
SQL: SHOW COLUMNS FROM `book` [ RunTime:0.0007s ]
SQL: SELECT COUNT(*) AS tp_count FROM `book` WHERE `book_isdel` = 0 AND `book_state` = 0 LIMIT 1   [ RunTime:0.0001s ]
SQL: SELECT * FROM `book` WHERE `book_isdel` = 0 AND `book_state` = 0  [ RunTime:0.0001s ]
SQL: SHOW COLUMNS FROM `user` [ RunTime:0.0004s ]
SQL: SELECT `user_name`,`user_cookie`,`user_photo`,`user_phone`,`user_integral`,`user_grade`,`user_sys`,`user_time`,`user_password` FROM `user` WHERE `user_id` = 3 LIMIT 1   [ RunTime:0.0001s ]
SQL: SHOW COLUMNS FROM `message` [ RunTime:0.0004s ]
SQL: SELECT COUNT(*) AS tp_count FROM `message` WHERE `book_id` = 29 LIMIT 1   [ RunTime:0.0001s ]
SQL: SELECT `user_name`,`user_cookie`,`user_photo`,`user_phone`,`user_integral`,`user_grade`,`user_sys`,`user_time`,`user_password` FROM `user` WHERE `user_id` = 5 LIMIT 1   [ RunTime:0.0001s ]
SQL: SELECT COUNT(*) AS tp_count FROM `message` WHERE `book_id` = 33 LIMIT 1   [ RunTime:0.0001s ]
SQL: SELECT `user_name`,`user_cookie`,`user_photo`,`user_phone`,`user_integral`,`user_grade`,`user_sys`,`user_time`,`user_password` FROM `user` WHERE `user_id` = 1 LIMIT 1   [ RunTime:0.0001s ]
SQL: SELECT COUNT(*) AS tp_count FROM `message` WHERE `book_id` = 34 LIMIT 1   [ RunTime:0.0001s ]
SQL: SELECT COUNT(*) AS tp_count FROM `message` LIMIT 1   [ RunTime:0.0001s ]
SQL: SELECT * FROM `message` LIMIT 1,7   [ RunTime:0.0003s ]
SQL: SELECT `user_name`,`user_photo` FROM `user` WHERE `user_id` = 3 LIMIT 1   [ RunTime:0.0002s ]
SQL: SELECT `user_name`,`user_photo` FROM `user` WHERE `user_id` = 8 LIMIT 1   [ RunTime:0.0001s ]
SQL: SELECT `user_name`,`user_photo` FROM `user` WHERE `user_id` = 1 LIMIT 1   [ RunTime:0.0001s ]
SQL: SELECT `user_name`,`user_photo` FROM `user` WHERE `user_id` = 1 LIMIT 1   [ RunTime:0.0001s ]
SQL: SELECT `user_name`,`user_photo` FROM `user` WHERE `user_id` = 1 LIMIT 1   [ RunTime:0.0001s ]
SQL: SELECT `user_name`,`user_photo` FROM `user` WHERE `user_id` = 5 LIMIT 1   [ RunTime:0.0001s ]
INFO: [ view_parse ] --START--
INFO: [ template_filter ] --START--
INFO: Run Behavior\ContentReplaceBehavior [ RunTime:0.000054s ]
INFO: [ template_filter ] --END-- [ RunTime:0.000099s ]
INFO: Run Behavior\ParseTemplateBehavior [ RunTime:1.145113s ]
INFO: [ view_parse ] --END-- [ RunTime:1.145163s ]
INFO: [ view_filter ] --START--
INFO: Run Behavior\WriteHtmlCacheBehavior [ RunTime:0.000038s ]
INFO: [ view_filter ] --END-- [ RunTime:0.000060s ]
INFO: [ app_end ] --START--
INFO: Run Behavior\ShowPageTraceBehavior [ RunTime:0.000036s ]
INFO: [ app_end ] --END-- [ RunTime:0.000060s ]

[ 2017-05-18T11:49:12+08:00 ] 14.23.185.89 /bookstore/admin.php/Index/index.html
INFO: [ app_init ] --START--
INFO: Run Behavior\BuildLiteBehavior [ RunTime:0.000021s ]
INFO: [ app_init ] --END-- [ RunTime:0.000985s ]
INFO: [ app_begin ] --START--
INFO: Run Behavior\ReadHtmlCacheBehavior [ RunTime:0.000086s ]
INFO: [ app_begin ] --END-- [ RunTime:0.000133s ]
SQL: SHOW COLUMNS FROM `book` [ RunTime:0.0006s ]
SQL: SELECT COUNT(*) AS tp_count FROM `book` WHERE `book_isdel` = 0 AND `book_state` = 0 LIMIT 1   [ RunTime:0.0001s ]
SQL: SELECT * FROM `book` WHERE `book_isdel` = 0 AND `book_state` = 0  [ RunTime:0.0001s ]
SQL: SHOW COLUMNS FROM `user` [ RunTime:0.0004s ]
SQL: SELECT `user_name`,`user_cookie`,`user_photo`,`user_phone`,`user_integral`,`user_grade`,`user_sys`,`user_time`,`user_password` FROM `user` WHERE `user_id` = 3 LIMIT 1   [ RunTime:0.0001s ]
SQL: SHOW COLUMNS FROM `message` [ RunTime:0.0003s ]
SQL: SELECT COUNT(*) AS tp_count FROM `message` WHERE `book_id` = 29 LIMIT 1   [ RunTime:0.0001s ]
SQL: SELECT `user_name`,`user_cookie`,`user_photo`,`user_phone`,`user_integral`,`user_grade`,`user_sys`,`user_time`,`user_password` FROM `user` WHERE `user_id` = 5 LIMIT 1   [ RunTime:0.0001s ]
SQL: SELECT COUNT(*) AS tp_count FROM `message` WHERE `book_id` = 33 LIMIT 1   [ RunTime:0.0001s ]
SQL: SELECT `user_name`,`user_cookie`,`user_photo`,`user_phone`,`user_integral`,`user_grade`,`user_sys`,`user_time`,`user_password` FROM `user` WHERE `user_id` = 1 LIMIT 1   [ RunTime:0.0000s ]
SQL: SELECT COUNT(*) AS tp_count FROM `message` WHERE `book_id` = 34 LIMIT 1   [ RunTime:0.0000s ]
SQL: SELECT COUNT(*) AS tp_count FROM `message` LIMIT 1   [ RunTime:0.0000s ]
SQL: SELECT * FROM `message` LIMIT 1,7   [ RunTime:0.0000s ]
SQL: SELECT `user_name`,`user_photo` FROM `user` WHERE `user_id` = 3 LIMIT 1   [ RunTime:0.0001s ]
SQL: SELECT `user_name`,`user_photo` FROM `user` WHERE `user_id` = 8 LIMIT 1   [ RunTime:0.0000s ]
SQL: SELECT `user_name`,`user_photo` FROM `user` WHERE `user_id` = 1 LIMIT 1   [ RunTime:0.0000s ]
SQL: SELECT `user_name`,`user_photo` FROM `user` WHERE `user_id` = 1 LIMIT 1   [ RunTime:0.0000s ]
SQL: SELECT `user_name`,`user_photo` FROM `user` WHERE `user_id` = 1 LIMIT 1   [ RunTime:0.0000s ]
SQL: SELECT `user_name`,`user_photo` FROM `user` WHERE `user_id` = 5 LIMIT 1   [ RunTime:0.0000s ]
INFO: [ view_parse ] --START--
INFO: [ template_filter ] --START--
INFO: Run Behavior\ContentReplaceBehavior [ RunTime:0.000105s ]
INFO: [ template_filter ] --END-- [ RunTime:0.000150s ]
INFO: Run Behavior\ParseTemplateBehavior [ RunTime:0.005137s ]
INFO: [ view_parse ] --END-- [ RunTime:0.005188s ]
INFO: [ view_filter ] --START--
INFO: Run Behavior\WriteHtmlCacheBehavior [ RunTime:0.000055s ]
INFO: [ view_filter ] --END-- [ RunTime:0.000088s ]
INFO: [ app_end ] --START--
INFO: Run Behavior\ShowPageTraceBehavior [ RunTime:0.000043s ]
INFO: [ app_end ] --END-- [ RunTime:0.000069s ]

