[ 2017-10-11T15:26:43+08:00 ] ::1 /bookstore/admin.php
INFO: [ app_init ] --START--
INFO: Run Behavior\BuildLiteBehavior [ RunTime:0.000000s ]
INFO: [ app_init ] --END-- [ RunTime:0.002000s ]
INFO: [ app_begin ] --START--
INFO: Run Behavior\ReadHtmlCacheBehavior [ RunTime:0.003001s ]
INFO: [ app_begin ] --END-- [ RunTime:0.003001s ]
SQL: SHOW COLUMNS FROM `book` [ RunTime:0.0160s ]
SQL: SELECT COUNT(*) AS tp_count FROM `book` WHERE `book_isdel` = 0 AND `book_state` = 0 LIMIT 1   [ RunTime:0.0000s ]
SQL: SELECT * FROM `book` WHERE `book_isdel` = 0 AND `book_state` = 0  [ RunTime:0.0000s ]
SQL: SHOW COLUMNS FROM `user` [ RunTime:0.0140s ]
SQL: SELECT `user_name`,`user_cookie`,`user_photo`,`user_phone`,`user_integral`,`user_grade`,`user_sys`,`user_time`,`user_password` FROM `user` WHERE `user_id` = 3 LIMIT 1   [ RunTime:0.0010s ]
SQL: SHOW COLUMNS FROM `message` [ RunTime:0.0130s ]
SQL: SELECT COUNT(*) AS tp_count FROM `message` WHERE `book_id` = 29 LIMIT 1   [ RunTime:0.0010s ]
SQL: SELECT `user_name`,`user_cookie`,`user_photo`,`user_phone`,`user_integral`,`user_grade`,`user_sys`,`user_time`,`user_password` FROM `user` WHERE `user_id` = 5 LIMIT 1   [ RunTime:0.0000s ]
SQL: SELECT COUNT(*) AS tp_count FROM `message` WHERE `book_id` = 35 LIMIT 1   [ RunTime:0.0010s ]
SQL: SELECT `user_name`,`user_cookie`,`user_photo`,`user_phone`,`user_integral`,`user_grade`,`user_sys`,`user_time`,`user_password` FROM `user` WHERE `user_id` = 5 LIMIT 1   [ RunTime:0.0010s ]
SQL: SELECT COUNT(*) AS tp_count FROM `message` WHERE `book_id` = 36 LIMIT 1   [ RunTime:0.0000s ]
SQL: SELECT `user_name`,`user_cookie`,`user_photo`,`user_phone`,`user_integral`,`user_grade`,`user_sys`,`user_time`,`user_password` FROM `user` WHERE `user_id` = 1 LIMIT 1   [ RunTime:0.0000s ]
SQL: SELECT COUNT(*) AS tp_count FROM `message` WHERE `book_id` = 37 LIMIT 1   [ RunTime:0.0000s ]
SQL: SELECT COUNT(*) AS tp_count FROM `message` LIMIT 1   [ RunTime:0.0000s ]
SQL: SELECT * FROM `message` LIMIT 4,10   [ RunTime:0.0010s ]
SQL: SELECT `user_name`,`user_photo` FROM `user` WHERE `user_id` = 1 LIMIT 1   [ RunTime:0.0000s ]
SQL: SELECT `user_name`,`user_photo` FROM `user` WHERE `user_id` = 1 LIMIT 1   [ RunTime:0.0000s ]
SQL: SELECT `user_name`,`user_photo` FROM `user` WHERE `user_id` = 5 LIMIT 1   [ RunTime:0.0000s ]
SQL: SELECT `user_name`,`user_photo` FROM `user` WHERE `user_id` = 12 LIMIT 1   [ RunTime:0.0000s ]
SQL: SELECT `user_name`,`user_photo` FROM `user` WHERE `user_id` = 1 LIMIT 1   [ RunTime:0.0010s ]
SQL: SELECT `user_name`,`user_photo` FROM `user` WHERE `user_id` = 5 LIMIT 1   [ RunTime:0.0000s ]
INFO: [ view_parse ] --START--
INFO: [ template_filter ] --START--
INFO: Run Behavior\ContentReplaceBehavior [ RunTime:0.000000s ]
INFO: [ template_filter ] --END-- [ RunTime:0.000000s ]
INFO: Run Behavior\ParseTemplateBehavior [ RunTime:0.032002s ]
INFO: [ view_parse ] --END-- [ RunTime:0.033002s ]
INFO: [ view_filter ] --START--
INFO: Run Behavior\WriteHtmlCacheBehavior [ RunTime:0.003000s ]
INFO: [ view_filter ] --END-- [ RunTime:0.003000s ]
INFO: [ app_end ] --START--
INFO: Run Behavior\ShowPageTraceBehavior [ RunTime:0.004000s ]
INFO: [ app_end ] --END-- [ RunTime:0.004000s ]

